[7644] [Config] INFO: Trigger value for 'XDEBUG_TRIGGER' not found, falling back to 'XDEBUG_TRACE'
[7644] [Config] INFO: Trigger value for 'XDEBUG_TRACE' not found, so not activating
[7644] Log closed at 2024-06-09 12:46:13.398048
[7644] Log opened at 2024-06-09 13:00:31.884925
[7644] [Config] INFO: Trigger value for 'XDEBUG_TRIGGER' not found, falling back to 'XDEBUG_SESSION'
[7644] [Config] INFO: Trigger value for 'XDEBUG_SESSION' not found, so not activating
[7644] [Config] INFO: Trigger value for 'XDEBUG_TRIGGER' not found, falling back to 'XDEBUG_TRACE'
[7644] [Config] INFO: Trigger value for 'XDEBUG_TRACE' not found, so not activating
[7644] [Config] INFO: Trigger value for 'XDEBUG_TRIGGER' not found, falling back to 'XDEBUG_SESSION'
[7644] [Config] INFO: Trigger value for 'XDEBUG_SESSION' not found, so not activating
[7644] [Config] INFO: Trigger value for 'XDEBUG_TRIGGER' not found, falling back to 'XDEBUG_TRACE'
[7644] [Config] INFO: Trigger value for 'XDEBUG_TRACE' not found, so not activating
[7644] [Config] INFO: Trigger value for 'XDEBUG_TRIGGER' not found, falling back to 'XDEBUG_SESSION'
[7644] [Config] INFO: Trigger value for 'XDEBUG_SESSION' not found, so not activating
[7644] [Config] INFO: Trigger value for 'XDEBUG_TRIGGER' not found, falling back to 'XDEBUG_TRACE'
[7644] [Config] INFO: Trigger value for 'XDEBUG_TRACE' not found, so not activating
[7644] [Config] INFO: Trigger value for 'XDEBUG_TRIGGER' not found, falling back to 'XDEBUG_SESSION'
[7644] [Config] INFO: Trigger value for 'XDEBUG_SESSION' not found, so not activating
[7644] [Config] INFO: Trigger value for 'XDEBUG_TRIGGER' not found, falling back to 'XDEBUG_TRACE'
[7644] [Config] INFO: Trigger value for 'XDEBUG_TRACE' not found, so not activating
[7644] [Config] INFO: Trigger value for 'XDEBUG_TRIGGER' not found, falling back to 'XDEBUG_SESSION'
[7644] [Config] INFO: Trigger value for 'XDEBUG_SESSION' not found, so not activating
[7644] [Config] INFO: Trigger value for 'XDEBUG_TRIGGER' not found, falling back to 'XDEBUG_TRACE'
[7644] [Config] INFO: Trigger value for 'XDEBUG_TRACE' not found, so not activating
[7644] Log closed at 2024-06-09 13:00:32.436243
[7644] Log opened at 2024-06-09 13:14:35.882597
[7644] [Config] INFO: Trigger value for 'XDEBUG_TRIGGER' not found, falling back to 'XDEBUG_SESSION'
[7644] [Config] INFO: Trigger value for 'XDEBUG_SESSION' not found, so not activating
[7644] [Config] INFO: Trigger value for 'XDEBUG_TRIGGER' not found, falling back to 'XDEBUG_TRACE'
[7644] [Config] INFO: Trigger value for 'XDEBUG_TRACE' not found, so not activating
[7644] [Config] INFO: Trigger value for 'XDEBUG_TRIGGER' not found, falling back to 'XDEBUG_SESSION'
[7644] [Config] INFO: Trigger value for 'XDEBUG_SESSION' not found, so not activating
[7644] [Config] INFO: Trigger value for 'XDEBUG_TRIGGER' not found, falling back to 'XDEBUG_TRACE'
[7644] [Config] INFO: Trigger value for 'XDEBUG_TRACE' not found, so not activating
[7644] [Config] INFO: Trigger value for 'XDEBUG_TRIGGER' not found, falling back to 'XDEBUG_SESSION'
[7644] [Config] INFO: Trigger value for 'XDEBUG_SESSION' not found, so not activating
[7644] [Config] INFO: Trigger value for 'XDEBUG_TRIGGER' not found, falling back to 'XDEBUG_TRACE'
[7644] [Config] INFO: Trigger value for 'XDEBUG_TRACE' not found, so not activating
[7644] [Config] INFO: Trigger value for 'XDEBUG_TRIGGER' not found, falling back to 'XDEBUG_SESSION'
[7644] [Config] INFO: Trigger value for 'XDEBUG_SESSION' not found, so not activating
[7644] [Config] INFO: Trigger value for 'XDEBUG_TRIGGER' not found, falling back to 'XDEBUG_TRACE'
[7644] [Config] INFO: Trigger value for 'XDEBUG_TRACE' not found, so not activating
[7644] [Config] INFO: Trigger value for 'XDEBUG_TRIGGER' not found, falling back to 'XDEBUG_SESSION'
[7644] [Config] INFO: Trigger value for 'XDEBUG_SESSION' not found, so not activating
[7644] [Config] INFO: Trigger value for 'XDEBUG_TRIGGER' not found, falling back to 'XDEBUG_TRACE'
[7644] [Config] INFO: Trigger value for 'XDEBUG_TRACE' not found, so not activating
[7644] Log closed at 2024-06-09 13:14:36.403976
[9232] Log opened at 2024-06-10 04:53:50.856370
[9232] [Config] INFO: Trigger value for 'XDEBUG_TRIGGER' not found, falling back to 'XDEBUG_SESSION'
[9232] [Config] INFO: Trigger value for 'XDEBUG_SESSION' not found, so not activating
[9232] [Config] INFO: Trigger value for 'XDEBUG_TRIGGER' not found, falling back to 'XDEBUG_TRACE'
[9232] [Config] INFO: Trigger value for 'XDEBUG_TRACE' not found, so not activating
[9232] [Config] INFO: Trigger value for 'XDEBUG_TRIGGER' not found, falling back to 'XDEBUG_SESSION'
[9232] [Config] INFO: Trigger value for 'XDEBUG_SESSION' not found, so not activating
[9232] [Config] INFO: Trigger value for 'XDEBUG_TRIGGER' not found, falling back to 'XDEBUG_TRACE'
[9232] [Config] INFO: Trigger value for 'XDEBUG_TRACE' not found, so not activating
[9232] [Config] INFO: Trigger value for 'XDEBUG_TRIGGER' not found, falling back to 'XDEBUG_SESSION'
[9232] [Config] INFO: Trigger value for 'XDEBUG_SESSION' not found, so not activating
[9232] [Config] INFO: Trigger value for 'XDEBUG_TRIGGER' not found, falling back to 'XDEBUG_TRACE'
[9232] [Config] INFO: Trigger value for 'XDEBUG_TRACE' not found, so not activating
[9232] [Config] INFO: Trigger value for 'XDEBUG_TRIGGER' not found, falling back to 'XDEBUG_SESSION'
[9232] [Config] INFO: Trigger value for 'XDEBUG_SESSION' not found, so not activating
[9232] [Config] INFO: Trigger value for 'XDEBUG_TRIGGER' not found, falling back to 'XDEBUG_TRACE'
[9232] [Config] INFO: Trigger value for 'XDEBUG_TRACE' not found, so not activating
[9232] [Config] INFO: Trigger value for 'XDEBUG_TRIGGER' not found, falling back to 'XDEBUG_SESSION'
[9232] [Config] INFO: Trigger value for 'XDEBUG_SESSION' not found, so not activating
[9232] [Config] INFO: Trigger value for 'XDEBUG_TRIGGER' not found, falling back to 'XDEBUG_TRACE'
[9232] [Config] INFO: Trigger value for 'XDEBUG_TRACE' not found, so not activating
[9232] Log closed at 2024-06-10 04:53:53.168203

[12620] Log opened at 2024-06-10 04:53:54.360720
[12620] [Config] INFO: Trigger value for 'XDEBUG_TRIGGER' not found, falling back to 'XDEBUG_SESSION'
[12620] [Config] INFO: Trigger value for 'XDEBUG_SESSION' not found, so not activating
[12620] [Config] INFO: Trigger value for 'XDEBUG_TRIGGER' not found, falling back to 'XDEBUG_TRACE'
[12620] [Config] INFO: Trigger value for 'XDEBUG_TRACE' not found, so not activating
[12620] [Config] INFO: Trigger value for 'XDEBUG_TRIGGER' not found, falling back to 'XDEBUG_SESSION'
[12620] [Config] INFO: Trigger value for 'XDEBUG_SESSION' not found, so not activating
[12620] [Config] INFO: Trigger value for 'XDEBUG_TRIGGER' not found, falling back to 'XDEBUG_TRACE'
[12620] [Config] INFO: Trigger value for 'XDEBUG_TRACE' not found, so not activating
[12620] [Config] INFO: Trigger value for 'XDEBUG_TRIGGER' not found, falling back to 'XDEBUG_SESSION'
[12620] [Config] INFO: Trigger value for 'XDEBUG_SESSION' not found, so not activating
[12620] [Config] INFO: Trigger value for 'XDEBUG_TRIGGER' not found, falling back to 'XDEBUG_TRACE'
[12620] [Config] INFO: Trigger value for 'XDEBUG_TRACE' not found, so not activating
[12620] [Config] INFO: Trigger value for 'XDEBUG_TRIGGER' not found, falling back to 'XDEBUG_SESSION'
[12620] [Config] INFO: Trigger value for 'XDEBUG_SESSION' not found, so not activating
[12620] [Config] INFO: Trigger value for 'XDEBUG_TRIGGER' not found, falling back to 'XDEBUG_TRACE'
[12620] [Config] INFO: Trigger value for 'XDEBUG_TRACE' not found, so not activating
[12620] [Config] INFO: Trigger value for 'XDEBUG_TRIGGER' not found, falling back to 'XDEBUG_SESSION'
[12620] [Config] INFO: Trigger value for 'XDEBUG_SESSION' not found, so not activating
[12620] [Config] INFO: Trigger value for 'XDEBUG_TRIGGER' not found, falling back to 'XDEBUG_TRACE'
[12620] [Config] INFO: Trigger value for 'XDEBUG_TRACE' not found, so not activating
[12620] Log closed at 2024-06-10 04:53:55.806133

[12496] Log opened at 2024-06-10 04:54:03.422571
[12496] [Config] INFO: Trigger value for 'XDEBUG_TRIGGER' not found, falling back to 'XDEBUG_SESSION'
[12496] [Config] INFO: Trigger value for 'XDEBUG_SESSION' not found, so not activating
[12496] [Config] INFO: Trigger value for 'XDEBUG_TRIGGER' not found, falling back to 'XDEBUG_TRACE'
[12496] [Config] INFO: Trigger value for 'XDEBUG_TRACE' not found, so not activating
[12496] [Config] INFO: Trigger value for 'XDEBUG_TRIGGER' not found, falling back to 'XDEBUG_SESSION'
[12496] [Config] INFO: Trigger value for 'XDEBUG_SESSION' not found, so not activating
[12496] [Config] INFO: Trigger value for 'XDEBUG_TRIGGER' not found, falling back to 'XDEBUG_TRACE'
[12496] [Config] INFO: Trigger value for 'XDEBUG_TRACE' not found, so not activating
[12496] [Config] INFO: Trigger value for 'XDEBUG_TRIGGER' not found, falling back to 'XDEBUG_SESSION'
[12496] [Config] INFO: Trigger value for 'XDEBUG_SESSION' not found, so not activating
[12496] [Config] INFO: Trigger value for 'XDEBUG_TRIGGER' not found, falling back to 'XDEBUG_TRACE'
[12496] [Config] INFO: Trigger value for 'XDEBUG_TRACE' not found, so not activating
[12496] [Config] INFO: Trigger value for 'XDEBUG_TRIGGER' not found, falling back to 'XDEBUG_SESSION'
[12496] [Config] INFO: Trigger value for 'XDEBUG_SESSION' not found, so not activating
[12496] [Config] INFO: Trigger value for 'XDEBUG_TRIGGER' not found, falling back to 'XDEBUG_TRACE'
[12496] [Config] INFO: Trigger value for 'XDEBUG_TRACE' not found, so not activating
[12496] [Config] INFO: Trigger value for 'XDEBUG_TRIGGER' not found, falling back to 'XDEBUG_SESSION'
[12496] [Config] INFO: Trigger value for 'XDEBUG_SESSION' not found, so not activating
[12496] [Config] INFO: Trigger value for 'XDEBUG_TRIGGER' not found, falling back to 'XDEBUG_TRACE'
[12496] [Config] INFO: Trigger value for 'XDEBUG_TRACE' not found, so not activating
[12496] Log closed at 2024-06-10 04:54:04.381365

[12496] Log opened at 2024-06-10 04:54:04.406153
[12496] [Config] INFO: Trigger value for 'XDEBUG_TRIGGER' not found, falling back to 'XDEBUG_SESSION'
[12496] [Config] INFO: Trigger value for 'XDEBUG_SESSION' not found, so not activating
[12496] [Config] INFO: Trigger value for 'XDEBUG_TRIGGER' not found, falling back to 'XDEBUG_TRACE'
[12496] [Config] INFO: Trigger value for 'XDEBUG_TRACE' not found, so not activating
[12496] [Config] INFO: Trigger value for 'XDEBUG_TRIGGER' not found, falling back to 'XDEBUG_SESSION'
[12496] [Config] INFO: Trigger value for 'XDEBUG_SESSION' not found, so not activating
[12496] [Config] INFO: Trigger value for 'XDEBUG_TRIGGER' not found, falling back to 'XDEBUG_TRACE'
[12496] [Config] INFO: Trigger value for 'XDEBUG_TRACE' not found, so not activating
[12496] [Config] INFO: Trigger value for 'XDEBUG_TRIGGER' not found, falling back to 'XDEBUG_SESSION'
[12496] [Config] INFO: Trigger value for 'XDEBUG_SESSION' not found, so not activating
[12496] [Config] INFO: Trigger value for 'XDEBUG_TRIGGER' not found, falling back to 'XDEBUG_TRACE'
[12496] [Config] INFO: Trigger value for 'XDEBUG_TRACE' not found, so not activating
[12496] [Config] INFO: Trigger value for 'XDEBUG_TRIGGER' not found, falling back to 'XDEBUG_SESSION'
[12496] [Config] INFO: Trigger value for 'XDEBUG_SESSION' not found, so not activating
[12496] [Config] INFO: Trigger value for 'XDEBUG_TRIGGER' not found, falling back to 'XDEBUG_TRACE'
[12496] [Config] INFO: Trigger value for 'XDEBUG_TRACE' not found, so not activating
[12496] [Config] INFO: Trigger value for 'XDEBUG_TRIGGER' not found, falling back to 'XDEBUG_SESSION'
[12496] [Config] INFO: Trigger value for 'XDEBUG_SESSION' not found, so not activating
[12496] [Config] INFO: Trigger value for 'XDEBUG_TRIGGER' not found, falling back to 'XDEBUG_TRACE'
[12496] [Config] INFO: Trigger value for 'XDEBUG_TRACE' not found, so not activating
[12496] Log closed at 2024-06-10 04:54:06.228684

[5896] Log opened at 2024-06-10 04:54:07.686396
[5896] [Config] INFO: Trigger value for 'XDEBUG_TRIGGER' not found, falling back to 'XDEBUG_SESSION'
[5896] [Config] INFO: Trigger value for 'XDEBUG_SESSION' not found, so not activating
[5896] [Config] INFO: Trigger value for 'XDEBUG_TRIGGER' not found, falling back to 'XDEBUG_TRACE'
[5896] [Config] INFO: Trigger value for 'XDEBUG_TRACE' not found, so not activating
[9232] Log opened at 2024-06-10 04:54:07.881631
[9232] [Config] INFO: Trigger value for 'XDEBUG_TRIGGER' not found, falling back to 'XDEBUG_SESSION'
[9232] [Config] INFO: Trigger value for 'XDEBUG_SESSION' not found, so not activating
[9232] [Config] INFO: Trigger value for 'XDEBUG_TRIGGER' not found, falling back to 'XDEBUG_TRACE'
[9232] [Config] INFO: Trigger value for 'XDEBUG_TRACE' not found, so not activating
[7644] Log opened at 2024-06-10 04:54:07.903256
[7644] [Config] INFO: Trigger value for 'XDEBUG_TRIGGER' not found, falling back to 'XDEBUG_SESSION'
[7644] [Config] INFO: Trigger value for 'XDEBUG_SESSION' not found, so not activating
[7644] [Config] INFO: Trigger value for 'XDEBUG_TRIGGER' not found, falling back to 'XDEBUG_TRACE'
[7644] [Config] INFO: Trigger value for 'XDEBUG_TRACE' not found, so not activating
[11688] Log opened at 2024-06-10 04:54:07.906109
[11688] [Config] INFO: Trigger value for 'XDEBUG_TRIGGER' not found, falling back to 'XDEBUG_SESSION'
[11688] [Config] INFO: Trigger value for 'XDEBUG_SESSION' not found, so not activating
[11688] [Config] INFO: Trigger value for 'XDEBUG_TRIGGER' not found, falling back to 'XDEBUG_TRACE'
[11688] [Config] INFO: Trigger value for 'XDEBUG_TRACE' not found, so not activating
[7644] [Config] INFO: Trigger value for 'XDEBUG_TRIGGER' not found, falling back to 'XDEBUG_SESSION'
[7644] [Config] INFO: Trigger value for 'XDEBUG_SESSION' not found, so not activating
[7644] [Config] INFO: Trigger value for 'XDEBUG_TRIGGER' not found, falling back to 'XDEBUG_TRACE'
[7644] [Config] INFO: Trigger value for 'XDEBUG_TRACE' not found, so not activating
[7644] [Config] INFO: Trigger value for 'XDEBUG_TRIGGER' not found, falling back to 'XDEBUG_SESSION'
[7644] [Config] INFO: Trigger value for 'XDEBUG_SESSION' not found, so not activating
[7644] [Config] INFO: Trigger value for 'XDEBUG_TRIGGER' not found, falling back to 'XDEBUG_TRACE'
[7644] [Config] INFO: Trigger value for 'XDEBUG_TRACE' not found, so not activating
[7644] [Config] INFO: Trigger value for 'XDEBUG_TRIGGER' not found, falling back to 'XDEBUG_SESSION'
[7644] [Config] INFO: Trigger value for 'XDEBUG_SESSION' not found, so not activating
[7644] [Config] INFO: Trigger value for 'XDEBUG_TRIGGER' not found, falling back to 'XDEBUG_TRACE'
[7644] [Config] INFO: Trigger value for 'XDEBUG_TRACE' not found, so not activating
[7644] [Config] INFO: Trigger value for 'XDEBUG_TRIGGER' not found, falling back to 'XDEBUG_SESSION'
[7644] [Config] INFO: Trigger value for 'XDEBUG_SESSION' not found, so not activating
[7644] [Config] INFO: Trigger value for 'XDEBUG_TRIGGER' not found, falling back to 'XDEBUG_TRACE'
[7644] [Config] INFO: Trigger value for 'XDEBUG_TRACE' not found, so not activating
[7644] Log closed at 2024-06-10 04:54:11.920641

[9232] [Config] INFO: Trigger value for 'XDEBUG_TRIGGER' not found, falling back to 'XDEBUG_SESSION'
[9232] [Config] INFO: Trigger value for 'XDEBUG_SESSION' not found, so not activating
[9232] [Config] INFO: Trigger value for 'XDEBUG_TRIGGER' not found, falling back to 'XDEBUG_TRACE'
[9232] [Config] INFO: Trigger value for 'XDEBUG_TRACE' not found, so not activating
[9232] [Config] INFO: Trigger value for 'XDEBUG_TRIGGER' not found, falling back to 'XDEBUG_SESSION'
[9232] [Config] INFO: Trigger value for 'XDEBUG_SESSION' not found, so not activating
[9232] [Config] INFO: Trigger value for 'XDEBUG_TRIGGER' not found, falling back to 'XDEBUG_TRACE'
[9232] [Config] INFO: Trigger value for 'XDEBUG_TRACE' not found, so not activating
[9232] [Config] INFO: Trigger value for 'XDEBUG_TRIGGER' not found, falling back to 'XDEBUG_SESSION'
[9232] [Config] INFO: Trigger value for 'XDEBUG_SESSION' not found, so not activating
[9232] [Config] INFO: Trigger value for 'XDEBUG_TRIGGER' not found, falling back to 'XDEBUG_TRACE'
[9232] [Config] INFO: Trigger value for 'XDEBUG_TRACE' not found, so not activating
[9232] [Config] INFO: Trigger value for 'XDEBUG_TRIGGER' not found, falling back to 'XDEBUG_SESSION'
[9232] [Config] INFO: Trigger value for 'XDEBUG_SESSION' not found, so not activating
[9232] [Config] INFO: Trigger value for 'XDEBUG_TRIGGER' not found, falling back to 'XDEBUG_TRACE'
[9232] [Config] INFO: Trigger value for 'XDEBUG_TRACE' not found, so not activating
[9232] Log closed at 2024-06-10 04:54:12.290334

[11688] [Config] INFO: Trigger value for 'XDEBUG_TRIGGER' not found, falling back to 'XDEBUG_SESSION'
[11688] [Config] INFO: Trigger value for 'XDEBUG_SESSION' not found, so not activating
[11688] [Config] INFO: Trigger value for 'XDEBUG_TRIGGER' not found, falling back to 'XDEBUG_TRACE'
[11688] [Config] INFO: Trigger value for 'XDEBUG_TRACE' not found, so not activating
[11688] [Config] INFO: Trigger value for 'XDEBUG_TRIGGER' not found, falling back to 'XDEBUG_SESSION'
[11688] [Config] INFO: Trigger value for 'XDEBUG_SESSION' not found, so not activating
[11688] [Config] INFO: Trigger value for 'XDEBUG_TRIGGER' not found, falling back to 'XDEBUG_TRACE'
[11688] [Config] INFO: Trigger value for 'XDEBUG_TRACE' not found, so not activating
[11688] [Config] INFO: Trigger value for 'XDEBUG_TRIGGER' not found, falling back to 'XDEBUG_SESSION'
[11688] [Config] INFO: Trigger value for 'XDEBUG_SESSION' not found, so not activating
[11688] [Config] INFO: Trigger value for 'XDEBUG_TRIGGER' not found, falling back to 'XDEBUG_TRACE'
[11688] [Config] INFO: Trigger value for 'XDEBUG_TRACE' not found, so not activating
[11688] [Config] INFO: Trigger value for 'XDEBUG_TRIGGER' not found, falling back to 'XDEBUG_SESSION'
[11688] [Config] INFO: Trigger value for 'XDEBUG_SESSION' not found, so not activating
[11688] [Config] INFO: Trigger value for 'XDEBUG_TRIGGER' not found, falling back to 'XDEBUG_TRACE'
[11688] [Config] INFO: Trigger value for 'XDEBUG_TRACE' not found, so not activating
[11688] Log closed at 2024-06-10 04:54:12.607098

[11688] Log opened at 2024-06-10 04:54:12.736735
[11688] [Config] INFO: Trigger value for 'XDEBUG_TRIGGER' not found, falling back to 'XDEBUG_SESSION'
[11688] [Config] INFO: Trigger value for 'XDEBUG_SESSION' not found, so not activating
[11688] [Config] INFO: Trigger value for 'XDEBUG_TRIGGER' not found, falling back to 'XDEBUG_TRACE'
[11688] [Config] INFO: Trigger value for 'XDEBUG_TRACE' not found, so not activating
[5896] [Config] INFO: Trigger value for 'XDEBUG_TRIGGER' not found, falling back to 'XDEBUG_SESSION'
[5896] [Config] INFO: Trigger value for 'XDEBUG_SESSION' not found, so not activating
[5896] [Config] INFO: Trigger value for 'XDEBUG_TRIGGER' not found, falling back to 'XDEBUG_TRACE'
[5896] [Config] INFO: Trigger value for 'XDEBUG_TRACE' not found, so not activating
[5896] [Config] INFO: Trigger value for 'XDEBUG_TRIGGER' not found, falling back to 'XDEBUG_SESSION'
[5896] [Config] INFO: Trigger value for 'XDEBUG_SESSION' not found, so not activating
[5896] [Config] INFO: Trigger value for 'XDEBUG_TRIGGER' not found, falling back to 'XDEBUG_TRACE'
[5896] [Config] INFO: Trigger value for 'XDEBUG_TRACE' not found, so not activating
[5896] [Config] INFO: Trigger value for 'XDEBUG_TRIGGER' not found, falling back to 'XDEBUG_SESSION'
[5896] [Config] INFO: Trigger value for 'XDEBUG_SESSION' not found, so not activating
[5896] [Config] INFO: Trigger value for 'XDEBUG_TRIGGER' not found, falling back to 'XDEBUG_TRACE'
[5896] [Config] INFO: Trigger value for 'XDEBUG_TRACE' not found, so not activating
[5896] [Config] INFO: Trigger value for 'XDEBUG_TRIGGER' not found, falling back to 'XDEBUG_SESSION'
[5896] [Config] INFO: Trigger value for 'XDEBUG_SESSION' not found, so not activating
[5896] [Config] INFO: Trigger value for 'XDEBUG_TRIGGER' not found, falling back to 'XDEBUG_TRACE'
[5896] [Config] INFO: Trigger value for 'XDEBUG_TRACE' not found, so not activating
[5896] Log closed at 2024-06-10 04:54:13.100270

[11688] [Config] INFO: Trigger value for 'XDEBUG_TRIGGER' not found, falling back to 'XDEBUG_SESSION'
[11688] [Config] INFO: Trigger value for 'XDEBUG_SESSION' not found, so not activating
[11688] [Config] INFO: Trigger value for 'XDEBUG_TRIGGER' not found, falling back to 'XDEBUG_TRACE'
[11688] [Config] INFO: Trigger value for 'XDEBUG_TRACE' not found, so not activating
[11688] [Config] INFO: Trigger value for 'XDEBUG_TRIGGER' not found, falling back to 'XDEBUG_SESSION'
[11688] [Config] INFO: Trigger value for 'XDEBUG_SESSION' not found, so not activating
[11688] [Config] INFO: Trigger value for 'XDEBUG_TRIGGER' not found, falling back to 'XDEBUG_TRACE'
[11688] [Config] INFO: Trigger value for 'XDEBUG_TRACE' not found, so not activating
[11688] [Config] INFO: Trigger value for 'XDEBUG_TRIGGER' not found, falling back to 'XDEBUG_SESSION'
[11688] [Config] INFO: Trigger value for 'XDEBUG_SESSION' not found, so not activating
[11688] [Config] INFO: Trigger value for 'XDEBUG_TRIGGER' not found, falling back to 'XDEBUG_TRACE'
[11688] [Config] INFO: Trigger value for 'XDEBUG_TRACE' not found, so not activating
[11688] [Config] INFO: Trigger value for 'XDEBUG_TRIGGER' not found, falling back to 'XDEBUG_SESSION'
[11688] [Config] INFO: Trigger value for 'XDEBUG_SESSION' not found, so not activating
[11688] [Config] INFO: Trigger value for 'XDEBUG_TRIGGER' not found, falling back to 'XDEBUG_TRACE'
[11688] [Config] INFO: Trigger value for 'XDEBUG_TRACE' not found, so not activating
[11688] Log closed at 2024-06-10 04:54:14.179848

[11688] Log opened at 2024-06-10 04:54:18.997385
[11688] [Config] INFO: Trigger value for 'XDEBUG_TRIGGER' not found, falling back to 'XDEBUG_SESSION'
[11688] [Config] INFO: Trigger value for 'XDEBUG_SESSION' not found, so not activating
[11688] [Config] INFO: Trigger value for 'XDEBUG_TRIGGER' not found, falling back to 'XDEBUG_TRACE'
[11688] [Config] INFO: Trigger value for 'XDEBUG_TRACE' not found, so not activating
[11688] [Config] INFO: Trigger value for 'XDEBUG_TRIGGER' not found, falling back to 'XDEBUG_SESSION'
[11688] [Config] INFO: Trigger value for 'XDEBUG_SESSION' not found, so not activating
[11688] [Config] INFO: Trigger value for 'XDEBUG_TRIGGER' not found, falling back to 'XDEBUG_TRACE'
[11688] [Config] INFO: Trigger value for 'XDEBUG_TRACE' not found, so not activating
[11688] [Config] INFO: Trigger value for 'XDEBUG_TRIGGER' not found, falling back to 'XDEBUG_SESSION'
[11688] [Config] INFO: Trigger value for 'XDEBUG_SESSION' not found, so not activating
[11688] [Config] INFO: Trigger value for 'XDEBUG_TRIGGER' not found, falling back to 'XDEBUG_TRACE'
[11688] [Config] INFO: Trigger value for 'XDEBUG_TRACE' not found, so not activating
[11688] [Config] INFO: Trigger value for 'XDEBUG_TRIGGER' not found, falling back to 'XDEBUG_SESSION'
[11688] [Config] INFO: Trigger value for 'XDEBUG_SESSION' not found, so not activating
[11688] [Config] INFO: Trigger value for 'XDEBUG_TRIGGER' not found, falling back to 'XDEBUG_TRACE'
[11688] [Config] INFO: Trigger value for 'XDEBUG_TRACE' not found, so not activating
[11688] [Config] INFO: Trigger value for 'XDEBUG_TRIGGER' not found, falling back to 'XDEBUG_SESSION'
[11688] [Config] INFO: Trigger value for 'XDEBUG_SESSION' not found, so not activating
[11688] [Config] INFO: Trigger value for 'XDEBUG_TRIGGER' not found, falling back to 'XDEBUG_TRACE'
[11688] [Config] INFO: Trigger value for 'XDEBUG_TRACE' not found, so not activating
[11688] Log closed at 2024-06-10 04:54:19.552302

[5896] Log opened at 2024-06-10 04:55:13.753766
[5896] [Config] INFO: Trigger value for 'XDEBUG_TRIGGER' not found, falling back to 'XDEBUG_SESSION'
[5896] [Config] INFO: Trigger value for 'XDEBUG_SESSION' not found, so not activating
[5896] [Config] INFO: Trigger value for 'XDEBUG_TRIGGER' not found, falling back to 'XDEBUG_TRACE'
[5896] [Config] INFO: Trigger value for 'XDEBUG_TRACE' not found, so not activating
[5896] [Config] INFO: Trigger value for 'XDEBUG_TRIGGER' not found, falling back to 'XDEBUG_SESSION'
[5896] [Config] INFO: Trigger value for 'XDEBUG_SESSION' not found, so not activating
[5896] [Config] INFO: Trigger value for 'XDEBUG_TRIGGER' not found, falling back to 'XDEBUG_TRACE'
[5896] [Config] INFO: Trigger value for 'XDEBUG_TRACE' not found, so not activating
[5896] [Config] INFO: Trigger value for 'XDEBUG_TRIGGER' not found, falling back to 'XDEBUG_SESSION'
[5896] [Config] INFO: Trigger value for 'XDEBUG_SESSION' not found, so not activating
[5896] [Config] INFO: Trigger value for 'XDEBUG_TRIGGER' not found, falling back to 'XDEBUG_TRACE'
[5896] [Config] INFO: Trigger value for 'XDEBUG_TRACE' not found, so not activating
[5896] [Config] INFO: Trigger value for 'XDEBUG_TRIGGER' not found, falling back to 'XDEBUG_SESSION'
[5896] [Config] INFO: Trigger value for 'XDEBUG_SESSION' not found, so not activating
[5896] [Config] INFO: Trigger value for 'XDEBUG_TRIGGER' not found, falling back to 'XDEBUG_TRACE'
[5896] [Config] INFO: Trigger value for 'XDEBUG_TRACE' not found, so not activating
[5896] [Config] INFO: Trigger value for 'XDEBUG_TRIGGER' not found, falling back to 'XDEBUG_SESSION'
[5896] [Config] INFO: Trigger value for 'XDEBUG_SESSION' not found, so not activating
[5896] [Config] INFO: Trigger value for 'XDEBUG_TRIGGER' not found, falling back to 'XDEBUG_TRACE'
[5896] [Config] INFO: Trigger value for 'XDEBUG_TRACE' not found, so not activating
[5896] Log closed at 2024-06-10 04:55:15.453672

[5896] Log opened at 2024-06-10 04:55:15.558191
[5896] [Config] INFO: Trigger value for 'XDEBUG_TRIGGER' not found, falling back to 'XDEBUG_SESSION'
[5896] [Config] INFO: Trigger value for 'XDEBUG_SESSION' not found, so not activating
[5896] [Config] INFO: Trigger value for 'XDEBUG_TRIGGER' not found, falling back to 'XDEBUG_TRACE'
[5896] [Config] INFO: Trigger value for 'XDEBUG_TRACE' not found, so not activating
[5896] [Config] INFO: Trigger value for 'XDEBUG_TRIGGER' not found, falling back to 'XDEBUG_SESSION'
[5896] [Config] INFO: Trigger value for 'XDEBUG_SESSION' not found, so not activating
[5896] [Config] INFO: Trigger value for 'XDEBUG_TRIGGER' not found, falling back to 'XDEBUG_TRACE'
[5896] [Config] INFO: Trigger value for 'XDEBUG_TRACE' not found, so not activating
[5896] [Config] INFO: Trigger value for 'XDEBUG_TRIGGER' not found, falling back to 'XDEBUG_SESSION'
[5896] [Config] INFO: Trigger value for 'XDEBUG_SESSION' not found, so not activating
[5896] [Config] INFO: Trigger value for 'XDEBUG_TRIGGER' not found, falling back to 'XDEBUG_TRACE'
[5896] [Config] INFO: Trigger value for 'XDEBUG_TRACE' not found, so not activating
[5896] [Config] INFO: Trigger value for 'XDEBUG_TRIGGER' not found, falling back to 'XDEBUG_SESSION'
[5896] [Config] INFO: Trigger value for 'XDEBUG_SESSION' not found, so not activating
[5896] [Config] INFO: Trigger value for 'XDEBUG_TRIGGER' not found, falling back to 'XDEBUG_TRACE'
[5896] [Config] INFO: Trigger value for 'XDEBUG_TRACE' not found, so not activating
[5896] [Config] INFO: Trigger value for 'XDEBUG_TRIGGER' not found, falling back to 'XDEBUG_SESSION'
[5896] [Config] INFO: Trigger value for 'XDEBUG_SESSION' not found, so not activating
[5896] [Config] INFO: Trigger value for 'XDEBUG_TRIGGER' not found, falling back to 'XDEBUG_TRACE'
[5896] [Config] INFO: Trigger value for 'XDEBUG_TRACE' not found, so not activating
[5896] Log closed at 2024-06-10 04:55:16.691488

[5896] Log opened at 2024-06-10 04:55:36.034342
[5896] [Config] INFO: Trigger value for 'XDEBUG_TRIGGER' not found, falling back to 'XDEBUG_SESSION'
[5896] [Config] INFO: Trigger value for 'XDEBUG_SESSION' not found, so not activating
[5896] [Config] INFO: Trigger value for 'XDEBUG_TRIGGER' not found, falling back to 'XDEBUG_TRACE'
[5896] [Config] INFO: Trigger value for 'XDEBUG_TRACE' not found, so not activating
[5896] [Config] INFO: Trigger value for 'XDEBUG_TRIGGER' not found, falling back to 'XDEBUG_SESSION'
[5896] [Config] INFO: Trigger value for 'XDEBUG_SESSION' not found, so not activating
[5896] [Config] INFO: Trigger value for 'XDEBUG_TRIGGER' not found, falling back to 'XDEBUG_TRACE'
[5896] [Config] INFO: Trigger value for 'XDEBUG_TRACE' not found, so not activating
[5896] [Config] INFO: Trigger value for 'XDEBUG_TRIGGER' not found, falling back to 'XDEBUG_SESSION'
[5896] [Config] INFO: Trigger value for 'XDEBUG_SESSION' not found, so not activating
[5896] [Config] INFO: Trigger value for 'XDEBUG_TRIGGER' not found, falling back to 'XDEBUG_TRACE'
[5896] [Config] INFO: Trigger value for 'XDEBUG_TRACE' not found, so not activating
[5896] [Config] INFO: Trigger value for 'XDEBUG_TRIGGER' not found, falling back to 'XDEBUG_SESSION'
[5896] [Config] INFO: Trigger value for 'XDEBUG_SESSION' not found, so not activating
[5896] [Config] INFO: Trigger value for 'XDEBUG_TRIGGER' not found, falling back to 'XDEBUG_TRACE'
[5896] [Config] INFO: Trigger value for 'XDEBUG_TRACE' not found, so not activating
[5896] [Config] INFO: Trigger value for 'XDEBUG_TRIGGER' not found, falling back to 'XDEBUG_SESSION'
[5896] [Config] INFO: Trigger value for 'XDEBUG_SESSION' not found, so not activating
[5896] [Config] INFO: Trigger value for 'XDEBUG_TRIGGER' not found, falling back to 'XDEBUG_TRACE'
[5896] [Config] INFO: Trigger value for 'XDEBUG_TRACE' not found, so not activating
[5896] Log closed at 2024-06-10 04:55:37.380013

[5896] Log opened at 2024-06-10 04:55:43.019871
[5896] [Config] INFO: Trigger value for 'XDEBUG_TRIGGER' not found, falling back to 'XDEBUG_SESSION'
[5896] [Config] INFO: Trigger value for 'XDEBUG_SESSION' not found, so not activating
[5896] [Config] INFO: Trigger value for 'XDEBUG_TRIGGER' not found, falling back to 'XDEBUG_TRACE'
[5896] [Config] INFO: Trigger value for 'XDEBUG_TRACE' not found, so not activating
[5896] [Config] INFO: Trigger value for 'XDEBUG_TRIGGER' not found, falling back to 'XDEBUG_SESSION'
[5896] [Config] INFO: Trigger value for 'XDEBUG_SESSION' not found, so not activating
[5896] [Config] INFO: Trigger value for 'XDEBUG_TRIGGER' not found, falling back to 'XDEBUG_TRACE'
[5896] [Config] INFO: Trigger value for 'XDEBUG_TRACE' not found, so not activating
[5896] [Config] INFO: Trigger value for 'XDEBUG_TRIGGER' not found, falling back to 'XDEBUG_SESSION'
[5896] [Config] INFO: Trigger value for 'XDEBUG_SESSION' not found, so not activating
[5896] [Config] INFO: Trigger value for 'XDEBUG_TRIGGER' not found, falling back to 'XDEBUG_TRACE'
[5896] [Config] INFO: Trigger value for 'XDEBUG_TRACE' not found, so not activating
[5896] [Config] INFO: Trigger value for 'XDEBUG_TRIGGER' not found, falling back to 'XDEBUG_SESSION'
[5896] [Config] INFO: Trigger value for 'XDEBUG_SESSION' not found, so not activating
[5896] [Config] INFO: Trigger value for 'XDEBUG_TRIGGER' not found, falling back to 'XDEBUG_TRACE'
[5896] [Config] INFO: Trigger value for 'XDEBUG_TRACE' not found, so not activating
[5896] [Config] INFO: Trigger value for 'XDEBUG_TRIGGER' not found, falling back to 'XDEBUG_SESSION'
[5896] [Config] INFO: Trigger value for 'XDEBUG_SESSION' not found, so not activating
[5896] [Config] INFO: Trigger value for 'XDEBUG_TRIGGER' not found, falling back to 'XDEBUG_TRACE'
[5896] [Config] INFO: Trigger value for 'XDEBUG_TRACE' not found, so not activating
[5896] [Config] INFO: Trigger value for 'XDEBUG_TRIGGER' not found, falling back to 'XDEBUG_SESSION'
[5896] [Config] INFO: Trigger value for 'XDEBUG_SESSION' not found, so not activating
[5896] [Config] INFO: Trigger value for 'XDEBUG_TRIGGER' not found, falling back to 'XDEBUG_TRACE'
[5896] [Config] INFO: Trigger value for 'XDEBUG_TRACE' not found, so not activating
[5896] Log closed at 2024-06-10 04:55:44.355811

[5896] Log opened at 2024-06-10 04:55:53.053021
[5896] [Config] INFO: Trigger value for 'XDEBUG_TRIGGER' not found, falling back to 'XDEBUG_SESSION'
[5896] [Config] INFO: Trigger value for 'XDEBUG_SESSION' not found, so not activating
[5896] [Config] INFO: Trigger value for 'XDEBUG_TRIGGER' not found, falling back to 'XDEBUG_TRACE'
[5896] [Config] INFO: Trigger value for 'XDEBUG_TRACE' not found, so not activating
[5896] [Config] INFO: Trigger value for 'XDEBUG_TRIGGER' not found, falling back to 'XDEBUG_SESSION'
[5896] [Config] INFO: Trigger value for 'XDEBUG_SESSION' not found, so not activating
[5896] [Config] INFO: Trigger value for 'XDEBUG_TRIGGER' not found, falling back to 'XDEBUG_TRACE'
[5896] [Config] INFO: Trigger value for 'XDEBUG_TRACE' not found, so not activating
[5896] [Config] INFO: Trigger value for 'XDEBUG_TRIGGER' not found, falling back to 'XDEBUG_SESSION'
[5896] [Config] INFO: Trigger value for 'XDEBUG_SESSION' not found, so not activating
[5896] [Config] INFO: Trigger value for 'XDEBUG_TRIGGER' not found, falling back to 'XDEBUG_TRACE'
[5896] [Config] INFO: Trigger value for 'XDEBUG_TRACE' not found, so not activating
[5896] [Config] INFO: Trigger value for 'XDEBUG_TRIGGER' not found, falling back to 'XDEBUG_SESSION'
[5896] [Config] INFO: Trigger value for 'XDEBUG_SESSION' not found, so not activating
[5896] [Config] INFO: Trigger value for 'XDEBUG_TRIGGER' not found, falling back to 'XDEBUG_TRACE'
[5896] [Config] INFO: Trigger value for 'XDEBUG_TRACE' not found, so not activating
[5896] [Config] INFO: Trigger value for 'XDEBUG_TRIGGER' not found, falling back to 'XDEBUG_SESSION'
[5896] [Config] INFO: Trigger value for 'XDEBUG_SESSION' not found, so not activating
[5896] [Config] INFO: Trigger value for 'XDEBUG_TRIGGER' not found, falling back to 'XDEBUG_TRACE'
[5896] [Config] INFO: Trigger value for 'XDEBUG_TRACE' not found, so not activating
[5896] Log closed at 2024-06-10 04:55:54.073044

[5896] Log opened at 2024-06-10 04:55:55.509173
[5896] [Config] INFO: Trigger value for 'XDEBUG_TRIGGER' not found, falling back to 'XDEBUG_SESSION'
[5896] [Config] INFO: Trigger value for 'XDEBUG_SESSION' not found, so not activating
[5896] [Config] INFO: Trigger value for 'XDEBUG_TRIGGER' not found, falling back to 'XDEBUG_TRACE'
[5896] [Config] INFO: Trigger value for 'XDEBUG_TRACE' not found, so not activating
[5896] [Config] INFO: Trigger value for 'XDEBUG_TRIGGER' not found, falling back to 'XDEBUG_SESSION'
[5896] [Config] INFO: Trigger value for 'XDEBUG_SESSION' not found, so not activating
[5896] [Config] INFO: Trigger value for 'XDEBUG_TRIGGER' not found, falling back to 'XDEBUG_TRACE'
[5896] [Config] INFO: Trigger value for 'XDEBUG_TRACE' not found, so not activating
[5896] [Config] INFO: Trigger value for 'XDEBUG_TRIGGER' not found, falling back to 'XDEBUG_SESSION'
[5896] [Config] INFO: Trigger value for 'XDEBUG_SESSION' not found, so not activating
[5896] [Config] INFO: Trigger value for 'XDEBUG_TRIGGER' not found, falling back to 'XDEBUG_TRACE'
[5896] [Config] INFO: Trigger value for 'XDEBUG_TRACE' not found, so not activating
[5896] [Config] INFO: Trigger value for 'XDEBUG_TRIGGER' not found, falling back to 'XDEBUG_SESSION'
[5896] [Config] INFO: Trigger value for 'XDEBUG_SESSION' not found, so not activating
[5896] [Config] INFO: Trigger value for 'XDEBUG_TRIGGER' not found, falling back to 'XDEBUG_TRACE'
[5896] [Config] INFO: Trigger value for 'XDEBUG_TRACE' not found, so not activating
[5896] [Config] INFO: Trigger value for 'XDEBUG_TRIGGER' not found, falling back to 'XDEBUG_SESSION'
[5896] [Config] INFO: Trigger value for 'XDEBUG_SESSION' not found, so not activating
[5896] [Config] INFO: Trigger value for 'XDEBUG_TRIGGER' not found, falling back to 'XDEBUG_TRACE'
[5896] [Config] INFO: Trigger value for 'XDEBUG_TRACE' not found, so not activating
[5896] Log closed at 2024-06-10 04:55:56.290954

[5896] Log opened at 2024-06-10 04:56:00.862914
[5896] [Config] INFO: Trigger value for 'XDEBUG_TRIGGER' not found, falling back to 'XDEBUG_SESSION'
[5896] [Config] INFO: Trigger value for 'XDEBUG_SESSION' not found, so not activating
[5896] [Config] INFO: Trigger value for 'XDEBUG_TRIGGER' not found, falling back to 'XDEBUG_TRACE'
[5896] [Config] INFO: Trigger value for 'XDEBUG_TRACE' not found, so not activating
[5896] [Config] INFO: Trigger value for 'XDEBUG_TRIGGER' not found, falling back to 'XDEBUG_SESSION'
[5896] [Config] INFO: Trigger value for 'XDEBUG_SESSION' not found, so not activating
[5896] [Config] INFO: Trigger value for 'XDEBUG_TRIGGER' not found, falling back to 'XDEBUG_TRACE'
[5896] [Config] INFO: Trigger value for 'XDEBUG_TRACE' not found, so not activating
[5896] [Config] INFO: Trigger value for 'XDEBUG_TRIGGER' not found, falling back to 'XDEBUG_SESSION'
[5896] [Config] INFO: Trigger value for 'XDEBUG_SESSION' not found, so not activating
[5896] [Config] INFO: Trigger value for 'XDEBUG_TRIGGER' not found, falling back to 'XDEBUG_TRACE'
[5896] [Config] INFO: Trigger value for 'XDEBUG_TRACE' not found, so not activating
[5896] [Config] INFO: Trigger value for 'XDEBUG_TRIGGER' not found, falling back to 'XDEBUG_SESSION'
[5896] [Config] INFO: Trigger value for 'XDEBUG_SESSION' not found, so not activating
[5896] [Config] INFO: Trigger value for 'XDEBUG_TRIGGER' not found, falling back to 'XDEBUG_TRACE'
[5896] [Config] INFO: Trigger value for 'XDEBUG_TRACE' not found, so not activating
[5896] [Config] INFO: Trigger value for 'XDEBUG_TRIGGER' not found, falling back to 'XDEBUG_SESSION'
[5896] [Config] INFO: Trigger value for 'XDEBUG_SESSION' not found, so not activating
[5896] [Config] INFO: Trigger value for 'XDEBUG_TRIGGER' not found, falling back to 'XDEBUG_TRACE'
[5896] [Config] INFO: Trigger value for 'XDEBUG_TRACE' not found, so not activating
[5896] Log closed at 2024-06-10 04:56:01.817299

[5896] Log opened at 2024-06-10 04:56:04.048517
[5896] [Config] INFO: Trigger value for 'XDEBUG_TRIGGER' not found, falling back to 'XDEBUG_SESSION'
[5896] [Config] INFO: Trigger value for 'XDEBUG_SESSION' not found, so not activating
[5896] [Config] INFO: Trigger value for 'XDEBUG_TRIGGER' not found, falling back to 'XDEBUG_TRACE'
[5896] [Config] INFO: Trigger value for 'XDEBUG_TRACE' not found, so not activating
[5896] [Config] INFO: Trigger value for 'XDEBUG_TRIGGER' not found, falling back to 'XDEBUG_SESSION'
[5896] [Config] INFO: Trigger value for 'XDEBUG_SESSION' not found, so not activating
[5896] [Config] INFO: Trigger value for 'XDEBUG_TRIGGER' not found, falling back to 'XDEBUG_TRACE'
[5896] [Config] INFO: Trigger value for 'XDEBUG_TRACE' not found, so not activating
[5896] [Config] INFO: Trigger value for 'XDEBUG_TRIGGER' not found, falling back to 'XDEBUG_SESSION'
[5896] [Config] INFO: Trigger value for 'XDEBUG_SESSION' not found, so not activating
[5896] [Config] INFO: Trigger value for 'XDEBUG_TRIGGER' not found, falling back to 'XDEBUG_TRACE'
[5896] [Config] INFO: Trigger value for 'XDEBUG_TRACE' not found, so not activating
[5896] [Config] INFO: Trigger value for 'XDEBUG_TRIGGER' not found, falling back to 'XDEBUG_SESSION'
[5896] [Config] INFO: Trigger value for 'XDEBUG_SESSION' not found, so not activating
[5896] [Config] INFO: Trigger value for 'XDEBUG_TRIGGER' not found, falling back to 'XDEBUG_TRACE'
[5896] [Config] INFO: Trigger value for 'XDEBUG_TRACE' not found, so not activating
[5896] [Config] INFO: Trigger value for 'XDEBUG_TRIGGER' not found, falling back to 'XDEBUG_SESSION'
[5896] [Config] INFO: Trigger value for 'XDEBUG_SESSION' not found, so not activating
[5896] [Config] INFO: Trigger value for 'XDEBUG_TRIGGER' not found, falling back to 'XDEBUG_TRACE'
[5896] [Config] INFO: Trigger value for 'XDEBUG_TRACE' not found, so not activating
[5896] [Config] INFO: Trigger value for 'XDEBUG_TRIGGER' not found, falling back to 'XDEBUG_SESSION'
[5896] [Config] INFO: Trigger value for 'XDEBUG_SESSION' not found, so not activating
[5896] [Config] INFO: Trigger value for 'XDEBUG_TRIGGER' not found, falling back to 'XDEBUG_TRACE'
[5896] [Config] INFO: Trigger value for 'XDEBUG_TRACE' not found, so not activating
[5896] Log closed at 2024-06-10 04:56:05.167300

[12620] Log opened at 2024-06-10 04:56:07.938051
[12620] [Config] INFO: Trigger value for 'XDEBUG_TRIGGER' not found, falling back to 'XDEBUG_SESSION'
[12620] [Config] INFO: Trigger value for 'XDEBUG_SESSION' not found, so not activating
[12620] [Config] INFO: Trigger value for 'XDEBUG_TRIGGER' not found, falling back to 'XDEBUG_TRACE'
[12620] [Config] INFO: Trigger value for 'XDEBUG_TRACE' not found, so not activating
[12620] [Config] INFO: Trigger value for 'XDEBUG_TRIGGER' not found, falling back to 'XDEBUG_SESSION'
[12620] [Config] INFO: Trigger value for 'XDEBUG_SESSION' not found, so not activating
[12620] [Config] INFO: Trigger value for 'XDEBUG_TRIGGER' not found, falling back to 'XDEBUG_TRACE'
[12620] [Config] INFO: Trigger value for 'XDEBUG_TRACE' not found, so not activating
[12620] [Config] INFO: Trigger value for 'XDEBUG_TRIGGER' not found, falling back to 'XDEBUG_SESSION'
[12620] [Config] INFO: Trigger value for 'XDEBUG_SESSION' not found, so not activating
[12620] [Config] INFO: Trigger value for 'XDEBUG_TRIGGER' not found, falling back to 'XDEBUG_TRACE'
[12620] [Config] INFO: Trigger value for 'XDEBUG_TRACE' not found, so not activating
[12620] [Config] INFO: Trigger value for 'XDEBUG_TRIGGER' not found, falling back to 'XDEBUG_SESSION'
[12620] [Config] INFO: Trigger value for 'XDEBUG_SESSION' not found, so not activating
[12620] [Config] INFO: Trigger value for 'XDEBUG_TRIGGER' not found, falling back to 'XDEBUG_TRACE'
[12620] [Config] INFO: Trigger value for 'XDEBUG_TRACE' not found, so not activating
[12620] [Config] INFO: Trigger value for 'XDEBUG_TRIGGER' not found, falling back to 'XDEBUG_SESSION'
[12620] [Config] INFO: Trigger value for 'XDEBUG_SESSION' not found, so not activating
[12620] [Config] INFO: Trigger value for 'XDEBUG_TRIGGER' not found, falling back to 'XDEBUG_TRACE'
[12620] [Config] INFO: Trigger value for 'XDEBUG_TRACE' not found, so not activating
[12620] Log closed at 2024-06-10 04:56:09.211201

[5896] Log opened at 2024-06-10 04:56:40.149180
[5896] [Config] INFO: Trigger value for 'XDEBUG_TRIGGER' not found, falling back to 'XDEBUG_SESSION'
[5896] [Config] INFO: Trigger value for 'XDEBUG_SESSION' not found, so not activating
[5896] [Config] INFO: Trigger value for 'XDEBUG_TRIGGER' not found, falling back to 'XDEBUG_TRACE'
[5896] [Config] INFO: Trigger value for 'XDEBUG_TRACE' not found, so not activating
[5896] [Config] INFO: Trigger value for 'XDEBUG_TRIGGER' not found, falling back to 'XDEBUG_SESSION'
[5896] [Config] INFO: Trigger value for 'XDEBUG_SESSION' not found, so not activating
[5896] [Config] INFO: Trigger value for 'XDEBUG_TRIGGER' not found, falling back to 'XDEBUG_TRACE'
[5896] [Config] INFO: Trigger value for 'XDEBUG_TRACE' not found, so not activating
[5896] [Config] INFO: Trigger value for 'XDEBUG_TRIGGER' not found, falling back to 'XDEBUG_SESSION'
[5896] [Config] INFO: Trigger value for 'XDEBUG_SESSION' not found, so not activating
[5896] [Config] INFO: Trigger value for 'XDEBUG_TRIGGER' not found, falling back to 'XDEBUG_TRACE'
[5896] [Config] INFO: Trigger value for 'XDEBUG_TRACE' not found, so not activating
[5896] [Config] INFO: Trigger value for 'XDEBUG_TRIGGER' not found, falling back to 'XDEBUG_SESSION'
[5896] [Config] INFO: Trigger value for 'XDEBUG_SESSION' not found, so not activating
[5896] [Config] INFO: Trigger value for 'XDEBUG_TRIGGER' not found, falling back to 'XDEBUG_TRACE'
[5896] [Config] INFO: Trigger value for 'XDEBUG_TRACE' not found, so not activating
[5896] [Config] INFO: Trigger value for 'XDEBUG_TRIGGER' not found, falling back to 'XDEBUG_SESSION'
[5896] [Config] INFO: Trigger value for 'XDEBUG_SESSION' not found, so not activating
[5896] [Config] INFO: Trigger value for 'XDEBUG_TRIGGER' not found, falling back to 'XDEBUG_TRACE'
[5896] [Config] INFO: Trigger value for 'XDEBUG_TRACE' not found, so not activating
[5896] Log closed at 2024-06-10 04:56:41.936072

[5896] Log opened at 2024-06-10 04:56:42.038846
[5896] [Config] INFO: Trigger value for 'XDEBUG_TRIGGER' not found, falling back to 'XDEBUG_SESSION'
[5896] [Config] INFO: Trigger value for 'XDEBUG_SESSION' not found, so not activating
[5896] [Config] INFO: Trigger value for 'XDEBUG_TRIGGER' not found, falling back to 'XDEBUG_TRACE'
[5896] [Config] INFO: Trigger value for 'XDEBUG_TRACE' not found, so not activating
[5896] [Config] INFO: Trigger value for 'XDEBUG_TRIGGER' not found, falling back to 'XDEBUG_SESSION'
[5896] [Config] INFO: Trigger value for 'XDEBUG_SESSION' not found, so not activating
[5896] [Config] INFO: Trigger value for 'XDEBUG_TRIGGER' not found, falling back to 'XDEBUG_TRACE'
[5896] [Config] INFO: Trigger value for 'XDEBUG_TRACE' not found, so not activating
[5896] [Config] INFO: Trigger value for 'XDEBUG_TRIGGER' not found, falling back to 'XDEBUG_SESSION'
[5896] [Config] INFO: Trigger value for 'XDEBUG_SESSION' not found, so not activating
[5896] [Config] INFO: Trigger value for 'XDEBUG_TRIGGER' not found, falling back to 'XDEBUG_TRACE'
[5896] [Config] INFO: Trigger value for 'XDEBUG_TRACE' not found, so not activating
[5896] [Config] INFO: Trigger value for 'XDEBUG_TRIGGER' not found, falling back to 'XDEBUG_SESSION'
[5896] [Config] INFO: Trigger value for 'XDEBUG_SESSION' not found, so not activating
[5896] [Config] INFO: Trigger value for 'XDEBUG_TRIGGER' not found, falling back to 'XDEBUG_TRACE'
[5896] [Config] INFO: Trigger value for 'XDEBUG_TRACE' not found, so not activating
[5896] [Config] INFO: Trigger value for 'XDEBUG_TRIGGER' not found, falling back to 'XDEBUG_SESSION'
[5896] [Config] INFO: Trigger value for 'XDEBUG_SESSION' not found, so not activating
[5896] [Config] INFO: Trigger value for 'XDEBUG_TRIGGER' not found, falling back to 'XDEBUG_TRACE'
[5896] [Config] INFO: Trigger value for 'XDEBUG_TRACE' not found, so not activating
[5896] Log closed at 2024-06-10 04:56:42.693630

[5896] Log opened at 2024-06-10 04:56:45.957332
[5896] [Config] INFO: Trigger value for 'XDEBUG_TRIGGER' not found, falling back to 'XDEBUG_SESSION'
[5896] [Config] INFO: Trigger value for 'XDEBUG_SESSION' not found, so not activating
[5896] [Config] INFO: Trigger value for 'XDEBUG_TRIGGER' not found, falling back to 'XDEBUG_TRACE'
[5896] [Config] INFO: Trigger value for 'XDEBUG_TRACE' not found, so not activating
[5896] [Config] INFO: Trigger value for 'XDEBUG_TRIGGER' not found, falling back to 'XDEBUG_SESSION'
[5896] [Config] INFO: Trigger value for 'XDEBUG_SESSION' not found, so not activating
[5896] [Config] INFO: Trigger value for 'XDEBUG_TRIGGER' not found, falling back to 'XDEBUG_TRACE'
[5896] [Config] INFO: Trigger value for 'XDEBUG_TRACE' not found, so not activating
[5896] [Config] INFO: Trigger value for 'XDEBUG_TRIGGER' not found, falling back to 'XDEBUG_SESSION'
[5896] [Config] INFO: Trigger value for 'XDEBUG_SESSION' not found, so not activating
[5896] [Config] INFO: Trigger value for 'XDEBUG_TRIGGER' not found, falling back to 'XDEBUG_TRACE'
[5896] [Config] INFO: Trigger value for 'XDEBUG_TRACE' not found, so not activating
[5896] [Config] INFO: Trigger value for 'XDEBUG_TRIGGER' not found, falling back to 'XDEBUG_SESSION'
[5896] [Config] INFO: Trigger value for 'XDEBUG_SESSION' not found, so not activating
[5896] [Config] INFO: Trigger value for 'XDEBUG_TRIGGER' not found, falling back to 'XDEBUG_TRACE'
[5896] [Config] INFO: Trigger value for 'XDEBUG_TRACE' not found, so not activating
[5896] [Config] INFO: Trigger value for 'XDEBUG_TRIGGER' not found, falling back to 'XDEBUG_SESSION'
[5896] [Config] INFO: Trigger value for 'XDEBUG_SESSION' not found, so not activating
[5896] [Config] INFO: Trigger value for 'XDEBUG_TRIGGER' not found, falling back to 'XDEBUG_TRACE'
[5896] [Config] INFO: Trigger value for 'XDEBUG_TRACE' not found, so not activating
[5896] Log closed at 2024-06-10 04:56:46.826781

[5896] Log opened at 2024-06-10 04:56:48.291562
[5896] [Config] INFO: Trigger value for 'XDEBUG_TRIGGER' not found, falling back to 'XDEBUG_SESSION'
[5896] [Config] INFO: Trigger value for 'XDEBUG_SESSION' not found, so not activating
[5896] [Config] INFO: Trigger value for 'XDEBUG_TRIGGER' not found, falling back to 'XDEBUG_TRACE'
[5896] [Config] INFO: Trigger value for 'XDEBUG_TRACE' not found, so not activating
[5896] [Config] INFO: Trigger value for 'XDEBUG_TRIGGER' not found, falling back to 'XDEBUG_SESSION'
[5896] [Config] INFO: Trigger value for 'XDEBUG_SESSION' not found, so not activating
[5896] [Config] INFO: Trigger value for 'XDEBUG_TRIGGER' not found, falling back to 'XDEBUG_TRACE'
[5896] [Config] INFO: Trigger value for 'XDEBUG_TRACE' not found, so not activating
[5896] [Config] INFO: Trigger value for 'XDEBUG_TRIGGER' not found, falling back to 'XDEBUG_SESSION'
[5896] [Config] INFO: Trigger value for 'XDEBUG_SESSION' not found, so not activating
[5896] [Config] INFO: Trigger value for 'XDEBUG_TRIGGER' not found, falling back to 'XDEBUG_TRACE'
[5896] [Config] INFO: Trigger value for 'XDEBUG_TRACE' not found, so not activating
[5896] [Config] INFO: Trigger value for 'XDEBUG_TRIGGER' not found, falling back to 'XDEBUG_SESSION'
[5896] [Config] INFO: Trigger value for 'XDEBUG_SESSION' not found, so not activating
[5896] [Config] INFO: Trigger value for 'XDEBUG_TRIGGER' not found, falling back to 'XDEBUG_TRACE'
[5896] [Config] INFO: Trigger value for 'XDEBUG_TRACE' not found, so not activating
[5896] [Config] INFO: Trigger value for 'XDEBUG_TRIGGER' not found, falling back to 'XDEBUG_SESSION'
[5896] [Config] INFO: Trigger value for 'XDEBUG_SESSION' not found, so not activating
[5896] [Config] INFO: Trigger value for 'XDEBUG_TRIGGER' not found, falling back to 'XDEBUG_TRACE'
[5896] [Config] INFO: Trigger value for 'XDEBUG_TRACE' not found, so not activating
[5896] Log closed at 2024-06-10 04:56:49.180640

[5896] Log opened at 2024-06-10 04:56:49.505621
[5896] [Config] INFO: Trigger value for 'XDEBUG_TRIGGER' not found, falling back to 'XDEBUG_SESSION'
[5896] [Config] INFO: Trigger value for 'XDEBUG_SESSION' not found, so not activating
[5896] [Config] INFO: Trigger value for 'XDEBUG_TRIGGER' not found, falling back to 'XDEBUG_TRACE'
[5896] [Config] INFO: Trigger value for 'XDEBUG_TRACE' not found, so not activating
[5896] [Config] INFO: Trigger value for 'XDEBUG_TRIGGER' not found, falling back to 'XDEBUG_SESSION'
[5896] [Config] INFO: Trigger value for 'XDEBUG_SESSION' not found, so not activating
[5896] [Config] INFO: Trigger value for 'XDEBUG_TRIGGER' not found, falling back to 'XDEBUG_TRACE'
[5896] [Config] INFO: Trigger value for 'XDEBUG_TRACE' not found, so not activating
[5896] [Config] INFO: Trigger value for 'XDEBUG_TRIGGER' not found, falling back to 'XDEBUG_SESSION'
[5896] [Config] INFO: Trigger value for 'XDEBUG_SESSION' not found, so not activating
[5896] [Config] INFO: Trigger value for 'XDEBUG_TRIGGER' not found, falling back to 'XDEBUG_TRACE'
[5896] [Config] INFO: Trigger value for 'XDEBUG_TRACE' not found, so not activating
[5896] [Config] INFO: Trigger value for 'XDEBUG_TRIGGER' not found, falling back to 'XDEBUG_SESSION'
[5896] [Config] INFO: Trigger value for 'XDEBUG_SESSION' not found, so not activating
[5896] [Config] INFO: Trigger value for 'XDEBUG_TRIGGER' not found, falling back to 'XDEBUG_TRACE'
[5896] [Config] INFO: Trigger value for 'XDEBUG_TRACE' not found, so not activating
[5896] [Config] INFO: Trigger value for 'XDEBUG_TRIGGER' not found, falling back to 'XDEBUG_SESSION'
[5896] [Config] INFO: Trigger value for 'XDEBUG_SESSION' not found, so not activating
[5896] [Config] INFO: Trigger value for 'XDEBUG_TRIGGER' not found, falling back to 'XDEBUG_TRACE'
[5896] [Config] INFO: Trigger value for 'XDEBUG_TRACE' not found, so not activating
[5896] [Config] INFO: Trigger value for 'XDEBUG_TRIGGER' not found, falling back to 'XDEBUG_SESSION'
[5896] [Config] INFO: Trigger value for 'XDEBUG_SESSION' not found, so not activating
[5896] [Config] INFO: Trigger value for 'XDEBUG_TRIGGER' not found, falling back to 'XDEBUG_TRACE'
[5896] [Config] INFO: Trigger value for 'XDEBUG_TRACE' not found, so not activating
[5896] Log closed at 2024-06-10 04:56:50.332450

[5896] Log opened at 2024-06-10 04:56:53.234960
[5896] [Config] INFO: Trigger value for 'XDEBUG_TRIGGER' not found, falling back to 'XDEBUG_SESSION'
[5896] [Config] INFO: Trigger value for 'XDEBUG_SESSION' not found, so not activating
[5896] [Config] INFO: Trigger value for 'XDEBUG_TRIGGER' not found, falling back to 'XDEBUG_TRACE'
[5896] [Config] INFO: Trigger value for 'XDEBUG_TRACE' not found, so not activating
[5896] [Config] INFO: Trigger value for 'XDEBUG_TRIGGER' not found, falling back to 'XDEBUG_SESSION'
[5896] [Config] INFO: Trigger value for 'XDEBUG_SESSION' not found, so not activating
[5896] [Config] INFO: Trigger value for 'XDEBUG_TRIGGER' not found, falling back to 'XDEBUG_TRACE'
[5896] [Config] INFO: Trigger value for 'XDEBUG_TRACE' not found, so not activating
[5896] [Config] INFO: Trigger value for 'XDEBUG_TRIGGER' not found, falling back to 'XDEBUG_SESSION'
[5896] [Config] INFO: Trigger value for 'XDEBUG_SESSION' not found, so not activating
[5896] [Config] INFO: Trigger value for 'XDEBUG_TRIGGER' not found, falling back to 'XDEBUG_TRACE'
[5896] [Config] INFO: Trigger value for 'XDEBUG_TRACE' not found, so not activating
[5896] [Config] INFO: Trigger value for 'XDEBUG_TRIGGER' not found, falling back to 'XDEBUG_SESSION'
[5896] [Config] INFO: Trigger value for 'XDEBUG_SESSION' not found, so not activating
[5896] [Config] INFO: Trigger value for 'XDEBUG_TRIGGER' not found, falling back to 'XDEBUG_TRACE'
[5896] [Config] INFO: Trigger value for 'XDEBUG_TRACE' not found, so not activating
[5896] [Config] INFO: Trigger value for 'XDEBUG_TRIGGER' not found, falling back to 'XDEBUG_SESSION'
[5896] [Config] INFO: Trigger value for 'XDEBUG_SESSION' not found, so not activating
[5896] [Config] INFO: Trigger value for 'XDEBUG_TRIGGER' not found, falling back to 'XDEBUG_TRACE'
[5896] [Config] INFO: Trigger value for 'XDEBUG_TRACE' not found, so not activating
[5896] Log closed at 2024-06-10 04:56:54.396368

[5896] Log opened at 2024-06-10 04:57:15.458181
[5896] [Config] INFO: Trigger value for 'XDEBUG_TRIGGER' not found, falling back to 'XDEBUG_SESSION'
[5896] [Config] INFO: Trigger value for 'XDEBUG_SESSION' not found, so not activating
[5896] [Config] INFO: Trigger value for 'XDEBUG_TRIGGER' not found, falling back to 'XDEBUG_TRACE'
[5896] [Config] INFO: Trigger value for 'XDEBUG_TRACE' not found, so not activating
[5896] [Config] INFO: Trigger value for 'XDEBUG_TRIGGER' not found, falling back to 'XDEBUG_SESSION'
[5896] [Config] INFO: Trigger value for 'XDEBUG_SESSION' not found, so not activating
[5896] [Config] INFO: Trigger value for 'XDEBUG_TRIGGER' not found, falling back to 'XDEBUG_TRACE'
[5896] [Config] INFO: Trigger value for 'XDEBUG_TRACE' not found, so not activating
[5896] [Config] INFO: Trigger value for 'XDEBUG_TRIGGER' not found, falling back to 'XDEBUG_SESSION'
[5896] [Config] INFO: Trigger value for 'XDEBUG_SESSION' not found, so not activating
[5896] [Config] INFO: Trigger value for 'XDEBUG_TRIGGER' not found, falling back to 'XDEBUG_TRACE'
[5896] [Config] INFO: Trigger value for 'XDEBUG_TRACE' not found, so not activating
[5896] [Config] INFO: Trigger value for 'XDEBUG_TRIGGER' not found, falling back to 'XDEBUG_SESSION'
[5896] [Config] INFO: Trigger value for 'XDEBUG_SESSION' not found, so not activating
[5896] [Config] INFO: Trigger value for 'XDEBUG_TRIGGER' not found, falling back to 'XDEBUG_TRACE'
[5896] [Config] INFO: Trigger value for 'XDEBUG_TRACE' not found, so not activating
[5896] [Config] INFO: Trigger value for 'XDEBUG_TRIGGER' not found, falling back to 'XDEBUG_SESSION'
[5896] [Config] INFO: Trigger value for 'XDEBUG_SESSION' not found, so not activating
[5896] [Config] INFO: Trigger value for 'XDEBUG_TRIGGER' not found, falling back to 'XDEBUG_TRACE'
[5896] [Config] INFO: Trigger value for 'XDEBUG_TRACE' not found, so not activating
[5896] Log closed at 2024-06-10 04:57:16.804269

[12496] Log opened at 2024-06-10 04:57:17.037477
[12496] [Config] INFO: Trigger value for 'XDEBUG_TRIGGER' not found, falling back to 'XDEBUG_SESSION'
[12496] [Config] INFO: Trigger value for 'XDEBUG_SESSION' not found, so not activating
[12496] [Config] INFO: Trigger value for 'XDEBUG_TRIGGER' not found, falling back to 'XDEBUG_TRACE'
[12496] [Config] INFO: Trigger value for 'XDEBUG_TRACE' not found, so not activating
[12496] [Config] INFO: Trigger value for 'XDEBUG_TRIGGER' not found, falling back to 'XDEBUG_SESSION'
[12496] [Config] INFO: Trigger value for 'XDEBUG_SESSION' not found, so not activating
[12496] [Config] INFO: Trigger value for 'XDEBUG_TRIGGER' not found, falling back to 'XDEBUG_TRACE'
[12496] [Config] INFO: Trigger value for 'XDEBUG_TRACE' not found, so not activating
[12496] [Config] INFO: Trigger value for 'XDEBUG_TRIGGER' not found, falling back to 'XDEBUG_SESSION'
[12496] [Config] INFO: Trigger value for 'XDEBUG_SESSION' not found, so not activating
[12496] [Config] INFO: Trigger value for 'XDEBUG_TRIGGER' not found, falling back to 'XDEBUG_TRACE'
[12496] [Config] INFO: Trigger value for 'XDEBUG_TRACE' not found, so not activating
[12496] [Config] INFO: Trigger value for 'XDEBUG_TRIGGER' not found, falling back to 'XDEBUG_SESSION'
[12496] [Config] INFO: Trigger value for 'XDEBUG_SESSION' not found, so not activating
[12496] [Config] INFO: Trigger value for 'XDEBUG_TRIGGER' not found, falling back to 'XDEBUG_TRACE'
[12496] [Config] INFO: Trigger value for 'XDEBUG_TRACE' not found, so not activating
[12496] [Config] INFO: Trigger value for 'XDEBUG_TRIGGER' not found, falling back to 'XDEBUG_SESSION'
[12496] [Config] INFO: Trigger value for 'XDEBUG_SESSION' not found, so not activating
[12496] [Config] INFO: Trigger value for 'XDEBUG_TRIGGER' not found, falling back to 'XDEBUG_TRACE'
[12496] [Config] INFO: Trigger value for 'XDEBUG_TRACE' not found, so not activating
[12496] Log closed at 2024-06-10 04:57:17.975523

[12496] Log opened at 2024-06-10 04:58:40.760392
[12496] [Config] INFO: Trigger value for 'XDEBUG_TRIGGER' not found, falling back to 'XDEBUG_SESSION'
[12496] [Config] INFO: Trigger value for 'XDEBUG_SESSION' not found, so not activating
[12496] [Config] INFO: Trigger value for 'XDEBUG_TRIGGER' not found, falling back to 'XDEBUG_TRACE'
[12496] [Config] INFO: Trigger value for 'XDEBUG_TRACE' not found, so not activating
[12496] Log closed at 2024-06-10 04:58:40.817670

[12620] Log opened at 2024-06-10 04:58:57.387042
[12620] [Config] INFO: Trigger value for 'XDEBUG_TRIGGER' not found, falling back to 'XDEBUG_SESSION'
[12620] [Config] INFO: Trigger value for 'XDEBUG_SESSION' not found, so not activating
[12620] [Config] INFO: Trigger value for 'XDEBUG_TRIGGER' not found, falling back to 'XDEBUG_TRACE'
[12620] [Config] INFO: Trigger value for 'XDEBUG_TRACE' not found, so not activating
[12620] Log closed at 2024-06-10 04:58:57.573317

[12620] Log opened at 2024-06-10 04:58:57.595434
[12620] [Config] INFO: Trigger value for 'XDEBUG_TRIGGER' not found, falling back to 'XDEBUG_SESSION'
[12620] [Config] INFO: Trigger value for 'XDEBUG_SESSION' not found, so not activating
[12620] [Config] INFO: Trigger value for 'XDEBUG_TRIGGER' not found, falling back to 'XDEBUG_TRACE'
[12620] [Config] INFO: Trigger value for 'XDEBUG_TRACE' not found, so not activating
[12620] Log closed at 2024-06-10 04:58:57.640777

[12496] Log opened at 2024-06-10 05:01:31.127608
[12496] [Config] INFO: Trigger value for 'XDEBUG_TRIGGER' not found, falling back to 'XDEBUG_SESSION'
[12496] [Config] INFO: Trigger value for 'XDEBUG_SESSION' not found, so not activating
[12496] [Config] INFO: Trigger value for 'XDEBUG_TRIGGER' not found, falling back to 'XDEBUG_TRACE'
[12496] [Config] INFO: Trigger value for 'XDEBUG_TRACE' not found, so not activating
[12496] Log closed at 2024-06-10 05:01:36.646526

[12496] Log opened at 2024-06-10 05:01:54.318637
[12496] [Config] INFO: Trigger value for 'XDEBUG_TRIGGER' not found, falling back to 'XDEBUG_SESSION'
[12496] [Config] INFO: Trigger value for 'XDEBUG_SESSION' not found, so not activating
[12496] [Config] INFO: Trigger value for 'XDEBUG_TRIGGER' not found, falling back to 'XDEBUG_TRACE'
[12496] [Config] INFO: Trigger value for 'XDEBUG_TRACE' not found, so not activating
[12496] [Config] INFO: Trigger value for 'XDEBUG_TRIGGER' not found, falling back to 'XDEBUG_SESSION'
[12496] [Config] INFO: Trigger value for 'XDEBUG_SESSION' not found, so not activating
[12496] [Config] INFO: Trigger value for 'XDEBUG_TRIGGER' not found, falling back to 'XDEBUG_TRACE'
[12496] [Config] INFO: Trigger value for 'XDEBUG_TRACE' not found, so not activating
[12496] [Config] INFO: Trigger value for 'XDEBUG_TRIGGER' not found, falling back to 'XDEBUG_SESSION'
[12496] [Config] INFO: Trigger value for 'XDEBUG_SESSION' not found, so not activating
[12496] [Config] INFO: Trigger value for 'XDEBUG_TRIGGER' not found, falling back to 'XDEBUG_TRACE'
[12496] [Config] INFO: Trigger value for 'XDEBUG_TRACE' not found, so not activating
[12496] [Config] INFO: Trigger value for 'XDEBUG_TRIGGER' not found, falling back to 'XDEBUG_SESSION'
[12496] [Config] INFO: Trigger value for 'XDEBUG_SESSION' not found, so not activating
[12496] [Config] INFO: Trigger value for 'XDEBUG_TRIGGER' not found, falling back to 'XDEBUG_TRACE'
[12496] [Config] INFO: Trigger value for 'XDEBUG_TRACE' not found, so not activating
[12496] [Config] INFO: Trigger value for 'XDEBUG_TRIGGER' not found, falling back to 'XDEBUG_SESSION'
[12496] [Config] INFO: Trigger value for 'XDEBUG_SESSION' not found, so not activating
[12496] [Config] INFO: Trigger value for 'XDEBUG_TRIGGER' not found, falling back to 'XDEBUG_TRACE'
[12496] [Config] INFO: Trigger value for 'XDEBUG_TRACE' not found, so not activating
[12496] Log closed at 2024-06-10 05:01:55.219148

[12496] Log opened at 2024-06-10 05:21:12.278887
[12496] [Config] INFO: Trigger value for 'XDEBUG_TRIGGER' not found, falling back to 'XDEBUG_SESSION'
[12496] [Config] INFO: Trigger value for 'XDEBUG_SESSION' not found, so not activating
[12496] [Config] INFO: Trigger value for 'XDEBUG_TRIGGER' not found, falling back to 'XDEBUG_TRACE'
[12496] [Config] INFO: Trigger value for 'XDEBUG_TRACE' not found, so not activating
[12496] [Config] INFO: Trigger value for 'XDEBUG_TRIGGER' not found, falling back to 'XDEBUG_SESSION'
[12496] [Config] INFO: Trigger value for 'XDEBUG_SESSION' not found, so not activating
[12496] [Config] INFO: Trigger value for 'XDEBUG_TRIGGER' not found, falling back to 'XDEBUG_TRACE'
[12496] [Config] INFO: Trigger value for 'XDEBUG_TRACE' not found, so not activating
[12496] [Config] INFO: Trigger value for 'XDEBUG_TRIGGER' not found, falling back to 'XDEBUG_SESSION'
[12496] [Config] INFO: Trigger value for 'XDEBUG_SESSION' not found, so not activating
[12496] [Config] INFO: Trigger value for 'XDEBUG_TRIGGER' not found, falling back to 'XDEBUG_TRACE'
[12496] [Config] INFO: Trigger value for 'XDEBUG_TRACE' not found, so not activating
[12496] [Config] INFO: Trigger value for 'XDEBUG_TRIGGER' not found, falling back to 'XDEBUG_SESSION'
[12496] [Config] INFO: Trigger value for 'XDEBUG_SESSION' not found, so not activating
[12496] [Config] INFO: Trigger value for 'XDEBUG_TRIGGER' not found, falling back to 'XDEBUG_TRACE'
[12496] [Config] INFO: Trigger value for 'XDEBUG_TRACE' not found, so not activating
[12496] [Config] INFO: Trigger value for 'XDEBUG_TRIGGER' not found, falling back to 'XDEBUG_SESSION'
[12496] [Config] INFO: Trigger value for 'XDEBUG_SESSION' not found, so not activating
[12496] [Config] INFO: Trigger value for 'XDEBUG_TRIGGER' not found, falling back to 'XDEBUG_TRACE'
[12496] [Config] INFO: Trigger value for 'XDEBUG_TRACE' not found, so not activating
[12496] Log closed at 2024-06-10 05:21:12.841374

[12620] Log opened at 2024-06-10 05:40:41.832555
[12620] [Config] INFO: Trigger value for 'XDEBUG_TRIGGER' not found, falling back to 'XDEBUG_SESSION'
[12620] [Config] INFO: Trigger value for 'XDEBUG_SESSION' not found, so not activating
[12620] [Config] INFO: Trigger value for 'XDEBUG_TRIGGER' not found, falling back to 'XDEBUG_TRACE'
[12620] [Config] INFO: Trigger value for 'XDEBUG_TRACE' not found, so not activating
[12620] Log closed at 2024-06-10 05:40:42.029148

[12496] Log opened at 2024-06-10 05:43:25.786328
[12496] [Config] INFO: Trigger value for 'XDEBUG_TRIGGER' not found, falling back to 'XDEBUG_SESSION'
[12496] [Config] INFO: Trigger value for 'XDEBUG_SESSION' not found, so not activating
[12496] [Config] INFO: Trigger value for 'XDEBUG_TRIGGER' not found, falling back to 'XDEBUG_TRACE'
[12496] [Config] INFO: Trigger value for 'XDEBUG_TRACE' not found, so not activating
[12496] Log closed at 2024-06-10 05:43:25.967828

[12496] Log opened at 2024-06-10 05:43:50.500925
[12496] [Config] INFO: Trigger value for 'XDEBUG_TRIGGER' not found, falling back to 'XDEBUG_SESSION'
[12496] [Config] INFO: Trigger value for 'XDEBUG_SESSION' not found, so not activating
[12496] [Config] INFO: Trigger value for 'XDEBUG_TRIGGER' not found, falling back to 'XDEBUG_TRACE'
[12496] [Config] INFO: Trigger value for 'XDEBUG_TRACE' not found, so not activating
[12496] Log closed at 2024-06-10 05:43:50.518548

[12496] Log opened at 2024-06-10 05:43:50.540775
[12496] [Config] INFO: Trigger value for 'XDEBUG_TRIGGER' not found, falling back to 'XDEBUG_SESSION'
[12496] [Config] INFO: Trigger value for 'XDEBUG_SESSION' not found, so not activating
[12496] [Config] INFO: Trigger value for 'XDEBUG_TRIGGER' not found, falling back to 'XDEBUG_TRACE'
[12496] [Config] INFO: Trigger value for 'XDEBUG_TRACE' not found, so not activating
[12496] Log closed at 2024-06-10 05:43:50.594451

[12496] Log opened at 2024-06-10 05:43:54.314678
[12496] [Config] INFO: Trigger value for 'XDEBUG_TRIGGER' not found, falling back to 'XDEBUG_SESSION'
[12496] [Config] INFO: Trigger value for 'XDEBUG_SESSION' not found, so not activating
[12496] [Config] INFO: Trigger value for 'XDEBUG_TRIGGER' not found, falling back to 'XDEBUG_TRACE'
[12496] [Config] INFO: Trigger value for 'XDEBUG_TRACE' not found, so not activating
[12496] [Config] INFO: Trigger value for 'XDEBUG_TRIGGER' not found, falling back to 'XDEBUG_SESSION'
[12496] [Config] INFO: Trigger value for 'XDEBUG_SESSION' not found, so not activating
[12496] [Config] INFO: Trigger value for 'XDEBUG_TRIGGER' not found, falling back to 'XDEBUG_TRACE'
[12496] [Config] INFO: Trigger value for 'XDEBUG_TRACE' not found, so not activating
[12496] [Config] INFO: Trigger value for 'XDEBUG_TRIGGER' not found, falling back to 'XDEBUG_SESSION'
[12496] [Config] INFO: Trigger value for 'XDEBUG_SESSION' not found, so not activating
[12496] [Config] INFO: Trigger value for 'XDEBUG_TRIGGER' not found, falling back to 'XDEBUG_TRACE'
[12496] [Config] INFO: Trigger value for 'XDEBUG_TRACE' not found, so not activating
[12496] [Config] INFO: Trigger value for 'XDEBUG_TRIGGER' not found, falling back to 'XDEBUG_SESSION'
[12496] [Config] INFO: Trigger value for 'XDEBUG_SESSION' not found, so not activating
[12496] [Config] INFO: Trigger value for 'XDEBUG_TRIGGER' not found, falling back to 'XDEBUG_TRACE'
[12496] [Config] INFO: Trigger value for 'XDEBUG_TRACE' not found, so not activating
[12496] [Config] INFO: Trigger value for 'XDEBUG_TRIGGER' not found, falling back to 'XDEBUG_SESSION'
[12496] [Config] INFO: Trigger value for 'XDEBUG_SESSION' not found, so not activating
[12496] [Config] INFO: Trigger value for 'XDEBUG_TRIGGER' not found, falling back to 'XDEBUG_TRACE'
[12496] [Config] INFO: Trigger value for 'XDEBUG_TRACE' not found, so not activating
[12496] Log closed at 2024-06-10 05:43:55.369818

[12496] Log opened at 2024-06-10 06:05:26.843118
[12496] [Config] INFO: Trigger value for 'XDEBUG_TRIGGER' not found, falling back to 'XDEBUG_SESSION'
[12496] [Config] INFO: Trigger value for 'XDEBUG_SESSION' not found, so not activating
[12496] [Config] INFO: Trigger value for 'XDEBUG_TRIGGER' not found, falling back to 'XDEBUG_TRACE'
[12496] [Config] INFO: Trigger value for 'XDEBUG_TRACE' not found, so not activating
[12496] [Config] INFO: Trigger value for 'XDEBUG_TRIGGER' not found, falling back to 'XDEBUG_SESSION'
[12496] [Config] INFO: Trigger value for 'XDEBUG_SESSION' not found, so not activating
[12496] [Config] INFO: Trigger value for 'XDEBUG_TRIGGER' not found, falling back to 'XDEBUG_TRACE'
[12496] [Config] INFO: Trigger value for 'XDEBUG_TRACE' not found, so not activating
[12496] [Config] INFO: Trigger value for 'XDEBUG_TRIGGER' not found, falling back to 'XDEBUG_SESSION'
[12496] [Config] INFO: Trigger value for 'XDEBUG_SESSION' not found, so not activating
[12496] [Config] INFO: Trigger value for 'XDEBUG_TRIGGER' not found, falling back to 'XDEBUG_TRACE'
[12496] [Config] INFO: Trigger value for 'XDEBUG_TRACE' not found, so not activating
[12496] [Config] INFO: Trigger value for 'XDEBUG_TRIGGER' not found, falling back to 'XDEBUG_SESSION'
[12496] [Config] INFO: Trigger value for 'XDEBUG_SESSION' not found, so not activating
[12496] [Config] INFO: Trigger value for 'XDEBUG_TRIGGER' not found, falling back to 'XDEBUG_TRACE'
[12496] [Config] INFO: Trigger value for 'XDEBUG_TRACE' not found, so not activating
[12496] [Config] INFO: Trigger value for 'XDEBUG_TRIGGER' not found, falling back to 'XDEBUG_SESSION'
[12496] [Config] INFO: Trigger value for 'XDEBUG_SESSION' not found, so not activating
[12496] [Config] INFO: Trigger value for 'XDEBUG_TRIGGER' not found, falling back to 'XDEBUG_TRACE'
[12496] [Config] INFO: Trigger value for 'XDEBUG_TRACE' not found, so not activating
[12496] Log closed at 2024-06-10 06:05:27.763426

[12496] Log opened at 2024-06-10 06:05:27.961499
[12496] [Config] INFO: Trigger value for 'XDEBUG_TRIGGER' not found, falling back to 'XDEBUG_SESSION'
[12496] [Config] INFO: Trigger value for 'XDEBUG_SESSION' not found, so not activating
[12496] [Config] INFO: Trigger value for 'XDEBUG_TRIGGER' not found, falling back to 'XDEBUG_TRACE'
[12496] [Config] INFO: Trigger value for 'XDEBUG_TRACE' not found, so not activating
[12496] [Config] INFO: Trigger value for 'XDEBUG_TRIGGER' not found, falling back to 'XDEBUG_SESSION'
[12496] [Config] INFO: Trigger value for 'XDEBUG_SESSION' not found, so not activating
[12496] [Config] INFO: Trigger value for 'XDEBUG_TRIGGER' not found, falling back to 'XDEBUG_TRACE'
[12496] [Config] INFO: Trigger value for 'XDEBUG_TRACE' not found, so not activating
[12496] [Config] INFO: Trigger value for 'XDEBUG_TRIGGER' not found, falling back to 'XDEBUG_SESSION'
[12496] [Config] INFO: Trigger value for 'XDEBUG_SESSION' not found, so not activating
[12496] [Config] INFO: Trigger value for 'XDEBUG_TRIGGER' not found, falling back to 'XDEBUG_TRACE'
[12496] [Config] INFO: Trigger value for 'XDEBUG_TRACE' not found, so not activating
[12496] [Config] INFO: Trigger value for 'XDEBUG_TRIGGER' not found, falling back to 'XDEBUG_SESSION'
[12496] [Config] INFO: Trigger value for 'XDEBUG_SESSION' not found, so not activating
[12496] [Config] INFO: Trigger value for 'XDEBUG_TRIGGER' not found, falling back to 'XDEBUG_TRACE'
[12496] [Config] INFO: Trigger value for 'XDEBUG_TRACE' not found, so not activating
[12496] [Config] INFO: Trigger value for 'XDEBUG_TRIGGER' not found, falling back to 'XDEBUG_SESSION'
[12496] [Config] INFO: Trigger value for 'XDEBUG_SESSION' not found, so not activating
[12496] [Config] INFO: Trigger value for 'XDEBUG_TRIGGER' not found, falling back to 'XDEBUG_TRACE'
[12496] [Config] INFO: Trigger value for 'XDEBUG_TRACE' not found, so not activating
[12496] Log closed at 2024-06-10 06:05:28.650656

[12496] Log opened at 2024-06-10 06:05:31.791499
[12496] [Config] INFO: Trigger value for 'XDEBUG_TRIGGER' not found, falling back to 'XDEBUG_SESSION'
[12496] [Config] INFO: Trigger value for 'XDEBUG_SESSION' not found, so not activating
[12496] [Config] INFO: Trigger value for 'XDEBUG_TRIGGER' not found, falling back to 'XDEBUG_TRACE'
[12496] [Config] INFO: Trigger value for 'XDEBUG_TRACE' not found, so not activating
[12496] [Config] INFO: Trigger value for 'XDEBUG_TRIGGER' not found, falling back to 'XDEBUG_SESSION'
[12496] [Config] INFO: Trigger value for 'XDEBUG_SESSION' not found, so not activating
[12496] [Config] INFO: Trigger value for 'XDEBUG_TRIGGER' not found, falling back to 'XDEBUG_TRACE'
[12496] [Config] INFO: Trigger value for 'XDEBUG_TRACE' not found, so not activating
[12496] [Config] INFO: Trigger value for 'XDEBUG_TRIGGER' not found, falling back to 'XDEBUG_SESSION'
[12496] [Config] INFO: Trigger value for 'XDEBUG_SESSION' not found, so not activating
[12496] [Config] INFO: Trigger value for 'XDEBUG_TRIGGER' not found, falling back to 'XDEBUG_TRACE'
[12496] [Config] INFO: Trigger value for 'XDEBUG_TRACE' not found, so not activating
[12496] [Config] INFO: Trigger value for 'XDEBUG_TRIGGER' not found, falling back to 'XDEBUG_SESSION'
[12496] [Config] INFO: Trigger value for 'XDEBUG_SESSION' not found, so not activating
[12496] [Config] INFO: Trigger value for 'XDEBUG_TRIGGER' not found, falling back to 'XDEBUG_TRACE'
[12496] [Config] INFO: Trigger value for 'XDEBUG_TRACE' not found, so not activating
[12496] [Config] INFO: Trigger value for 'XDEBUG_TRIGGER' not found, falling back to 'XDEBUG_SESSION'
[12496] [Config] INFO: Trigger value for 'XDEBUG_SESSION' not found, so not activating
[12496] [Config] INFO: Trigger value for 'XDEBUG_TRIGGER' not found, falling back to 'XDEBUG_TRACE'
[12496] [Config] INFO: Trigger value for 'XDEBUG_TRACE' not found, so not activating
[12496] Log closed at 2024-06-10 06:05:33.242347

[12496] Log opened at 2024-06-10 06:05:33.464501
[12496] [Config] INFO: Trigger value for 'XDEBUG_TRIGGER' not found, falling back to 'XDEBUG_SESSION'
[12496] [Config] INFO: Trigger value for 'XDEBUG_SESSION' not found, so not activating
[12496] [Config] INFO: Trigger value for 'XDEBUG_TRIGGER' not found, falling back to 'XDEBUG_TRACE'
[12496] [Config] INFO: Trigger value for 'XDEBUG_TRACE' not found, so not activating
[12496] [Config] INFO: Trigger value for 'XDEBUG_TRIGGER' not found, falling back to 'XDEBUG_SESSION'
[12496] [Config] INFO: Trigger value for 'XDEBUG_SESSION' not found, so not activating
[12496] [Config] INFO: Trigger value for 'XDEBUG_TRIGGER' not found, falling back to 'XDEBUG_TRACE'
[12496] [Config] INFO: Trigger value for 'XDEBUG_TRACE' not found, so not activating
[12496] [Config] INFO: Trigger value for 'XDEBUG_TRIGGER' not found, falling back to 'XDEBUG_SESSION'
[12496] [Config] INFO: Trigger value for 'XDEBUG_SESSION' not found, so not activating
[12496] [Config] INFO: Trigger value for 'XDEBUG_TRIGGER' not found, falling back to 'XDEBUG_TRACE'
[12496] [Config] INFO: Trigger value for 'XDEBUG_TRACE' not found, so not activating
[12496] [Config] INFO: Trigger value for 'XDEBUG_TRIGGER' not found, falling back to 'XDEBUG_SESSION'
[12496] [Config] INFO: Trigger value for 'XDEBUG_SESSION' not found, so not activating
[12496] [Config] INFO: Trigger value for 'XDEBUG_TRIGGER' not found, falling back to 'XDEBUG_TRACE'
[12496] [Config] INFO: Trigger value for 'XDEBUG_TRACE' not found, so not activating
[12496] [Config] INFO: Trigger value for 'XDEBUG_TRIGGER' not found, falling back to 'XDEBUG_SESSION'
[12496] [Config] INFO: Trigger value for 'XDEBUG_SESSION' not found, so not activating
[12496] [Config] INFO: Trigger value for 'XDEBUG_TRIGGER' not found, falling back to 'XDEBUG_TRACE'
[12496] [Config] INFO: Trigger value for 'XDEBUG_TRACE' not found, so not activating
[12496] Log closed at 2024-06-10 06:05:34.002198

[12620] Log opened at 2024-06-10 06:05:37.644082
[12620] [Config] INFO: Trigger value for 'XDEBUG_TRIGGER' not found, falling back to 'XDEBUG_SESSION'
[12620] [Config] INFO: Trigger value for 'XDEBUG_SESSION' not found, so not activating
[12620] [Config] INFO: Trigger value for 'XDEBUG_TRIGGER' not found, falling back to 'XDEBUG_TRACE'
[12620] [Config] INFO: Trigger value for 'XDEBUG_TRACE' not found, so not activating
[12620] [Config] INFO: Trigger value for 'XDEBUG_TRIGGER' not found, falling back to 'XDEBUG_SESSION'
[12620] [Config] INFO: Trigger value for 'XDEBUG_SESSION' not found, so not activating
[12620] [Config] INFO: Trigger value for 'XDEBUG_TRIGGER' not found, falling back to 'XDEBUG_TRACE'
[12620] [Config] INFO: Trigger value for 'XDEBUG_TRACE' not found, so not activating
[12620] [Config] INFO: Trigger value for 'XDEBUG_TRIGGER' not found, falling back to 'XDEBUG_SESSION'
[12620] [Config] INFO: Trigger value for 'XDEBUG_SESSION' not found, so not activating
[12620] [Config] INFO: Trigger value for 'XDEBUG_TRIGGER' not found, falling back to 'XDEBUG_TRACE'
[12620] [Config] INFO: Trigger value for 'XDEBUG_TRACE' not found, so not activating
[12620] [Config] INFO: Trigger value for 'XDEBUG_TRIGGER' not found, falling back to 'XDEBUG_SESSION'
[12620] [Config] INFO: Trigger value for 'XDEBUG_SESSION' not found, so not activating
[12620] [Config] INFO: Trigger value for 'XDEBUG_TRIGGER' not found, falling back to 'XDEBUG_TRACE'
[12620] [Config] INFO: Trigger value for 'XDEBUG_TRACE' not found, so not activating
[12620] [Config] INFO: Trigger value for 'XDEBUG_TRIGGER' not found, falling back to 'XDEBUG_SESSION'
[12620] [Config] INFO: Trigger value for 'XDEBUG_SESSION' not found, so not activating
[12620] [Config] INFO: Trigger value for 'XDEBUG_TRIGGER' not found, falling back to 'XDEBUG_TRACE'
[12620] [Config] INFO: Trigger value for 'XDEBUG_TRACE' not found, so not activating
[12620] Log closed at 2024-06-10 06:05:38.538444

[12620] Log opened at 2024-06-10 06:05:40.360971
[12620] [Config] INFO: Trigger value for 'XDEBUG_TRIGGER' not found, falling back to 'XDEBUG_SESSION'
[12620] [Config] INFO: Trigger value for 'XDEBUG_SESSION' not found, so not activating
[12620] [Config] INFO: Trigger value for 'XDEBUG_TRIGGER' not found, falling back to 'XDEBUG_TRACE'
[12620] [Config] INFO: Trigger value for 'XDEBUG_TRACE' not found, so not activating
[12620] [Config] INFO: Trigger value for 'XDEBUG_TRIGGER' not found, falling back to 'XDEBUG_SESSION'
[12620] [Config] INFO: Trigger value for 'XDEBUG_SESSION' not found, so not activating
[12620] [Config] INFO: Trigger value for 'XDEBUG_TRIGGER' not found, falling back to 'XDEBUG_TRACE'
[12620] [Config] INFO: Trigger value for 'XDEBUG_TRACE' not found, so not activating
[12620] [Config] INFO: Trigger value for 'XDEBUG_TRIGGER' not found, falling back to 'XDEBUG_SESSION'
[12620] [Config] INFO: Trigger value for 'XDEBUG_SESSION' not found, so not activating
[12620] [Config] INFO: Trigger value for 'XDEBUG_TRIGGER' not found, falling back to 'XDEBUG_TRACE'
[12620] [Config] INFO: Trigger value for 'XDEBUG_TRACE' not found, so not activating
[12620] [Config] INFO: Trigger value for 'XDEBUG_TRIGGER' not found, falling back to 'XDEBUG_SESSION'
[12620] [Config] INFO: Trigger value for 'XDEBUG_SESSION' not found, so not activating
[12620] [Config] INFO: Trigger value for 'XDEBUG_TRIGGER' not found, falling back to 'XDEBUG_TRACE'
[12620] [Config] INFO: Trigger value for 'XDEBUG_TRACE' not found, so not activating
[12620] [Config] INFO: Trigger value for 'XDEBUG_TRIGGER' not found, falling back to 'XDEBUG_SESSION'
[12620] [Config] INFO: Trigger value for 'XDEBUG_SESSION' not found, so not activating
[12620] [Config] INFO: Trigger value for 'XDEBUG_TRIGGER' not found, falling back to 'XDEBUG_TRACE'
[12620] [Config] INFO: Trigger value for 'XDEBUG_TRACE' not found, so not activating
[12620] Log closed at 2024-06-10 06:05:40.977731

[12496] Log opened at 2024-06-10 06:06:00.214746
[12496] [Config] INFO: Trigger value for 'XDEBUG_TRIGGER' not found, falling back to 'XDEBUG_SESSION'
[12496] [Config] INFO: Trigger value for 'XDEBUG_SESSION' not found, so not activating
[12496] [Config] INFO: Trigger value for 'XDEBUG_TRIGGER' not found, falling back to 'XDEBUG_TRACE'
[12496] [Config] INFO: Trigger value for 'XDEBUG_TRACE' not found, so not activating
[12496] Log closed at 2024-06-10 06:06:00.416953

[12496] Log opened at 2024-06-10 06:06:00.438343
[12496] [Config] INFO: Trigger value for 'XDEBUG_TRIGGER' not found, falling back to 'XDEBUG_SESSION'
[12496] [Config] INFO: Trigger value for 'XDEBUG_SESSION' not found, so not activating
[12496] [Config] INFO: Trigger value for 'XDEBUG_TRIGGER' not found, falling back to 'XDEBUG_TRACE'
[12496] [Config] INFO: Trigger value for 'XDEBUG_TRACE' not found, so not activating
[12496] Log closed at 2024-06-10 06:06:00.500467

[12496] Log opened at 2024-06-10 06:06:14.186767
[12496] [Config] INFO: Trigger value for 'XDEBUG_TRIGGER' not found, falling back to 'XDEBUG_SESSION'
[12496] [Config] INFO: Trigger value for 'XDEBUG_SESSION' not found, so not activating
[12496] [Config] INFO: Trigger value for 'XDEBUG_TRIGGER' not found, falling back to 'XDEBUG_TRACE'
[12496] [Config] INFO: Trigger value for 'XDEBUG_TRACE' not found, so not activating
[12496] Log closed at 2024-06-10 06:06:14.243093

[12620] Log opened at 2024-06-10 06:07:24.605655
[12620] [Config] INFO: Trigger value for 'XDEBUG_TRIGGER' not found, falling back to 'XDEBUG_SESSION'
[12620] [Config] INFO: Trigger value for 'XDEBUG_SESSION' not found, so not activating
[12620] [Config] INFO: Trigger value for 'XDEBUG_TRIGGER' not found, falling back to 'XDEBUG_TRACE'
[12620] [Config] INFO: Trigger value for 'XDEBUG_TRACE' not found, so not activating
[12620] [Config] INFO: Trigger value for 'XDEBUG_TRIGGER' not found, falling back to 'XDEBUG_SESSION'
[12620] [Config] INFO: Trigger value for 'XDEBUG_SESSION' not found, so not activating
[12620] [Config] INFO: Trigger value for 'XDEBUG_TRIGGER' not found, falling back to 'XDEBUG_TRACE'
[12620] [Config] INFO: Trigger value for 'XDEBUG_TRACE' not found, so not activating
[12620] [Config] INFO: Trigger value for 'XDEBUG_TRIGGER' not found, falling back to 'XDEBUG_SESSION'
[12620] [Config] INFO: Trigger value for 'XDEBUG_SESSION' not found, so not activating
[12620] [Config] INFO: Trigger value for 'XDEBUG_TRIGGER' not found, falling back to 'XDEBUG_TRACE'
[12620] [Config] INFO: Trigger value for 'XDEBUG_TRACE' not found, so not activating
[12620] [Config] INFO: Trigger value for 'XDEBUG_TRIGGER' not found, falling back to 'XDEBUG_SESSION'
[12620] [Config] INFO: Trigger value for 'XDEBUG_SESSION' not found, so not activating
[12620] [Config] INFO: Trigger value for 'XDEBUG_TRIGGER' not found, falling back to 'XDEBUG_TRACE'
[12620] [Config] INFO: Trigger value for 'XDEBUG_TRACE' not found, so not activating
[12620] [Config] INFO: Trigger value for 'XDEBUG_TRIGGER' not found, falling back to 'XDEBUG_SESSION'
[12620] [Config] INFO: Trigger value for 'XDEBUG_SESSION' not found, so not activating
[12620] [Config] INFO: Trigger value for 'XDEBUG_TRIGGER' not found, falling back to 'XDEBUG_TRACE'
[12620] [Config] INFO: Trigger value for 'XDEBUG_TRACE' not found, so not activating
[12620] Log closed at 2024-06-10 06:07:26.058159

[12620] Log opened at 2024-06-10 06:07:29.396243
[12620] [Config] INFO: Trigger value for 'XDEBUG_TRIGGER' not found, falling back to 'XDEBUG_SESSION'
[12620] [Config] INFO: Trigger value for 'XDEBUG_SESSION' not found, so not activating
[12620] [Config] INFO: Trigger value for 'XDEBUG_TRIGGER' not found, falling back to 'XDEBUG_TRACE'
[12620] [Config] INFO: Trigger value for 'XDEBUG_TRACE' not found, so not activating
[12620] [Config] INFO: Trigger value for 'XDEBUG_TRIGGER' not found, falling back to 'XDEBUG_SESSION'
[12620] [Config] INFO: Trigger value for 'XDEBUG_SESSION' not found, so not activating
[12620] [Config] INFO: Trigger value for 'XDEBUG_TRIGGER' not found, falling back to 'XDEBUG_TRACE'
[12620] [Config] INFO: Trigger value for 'XDEBUG_TRACE' not found, so not activating
[12620] [Config] INFO: Trigger value for 'XDEBUG_TRIGGER' not found, falling back to 'XDEBUG_SESSION'
[12620] [Config] INFO: Trigger value for 'XDEBUG_SESSION' not found, so not activating
[12620] [Config] INFO: Trigger value for 'XDEBUG_TRIGGER' not found, falling back to 'XDEBUG_TRACE'
[12620] [Config] INFO: Trigger value for 'XDEBUG_TRACE' not found, so not activating
[12620] [Config] INFO: Trigger value for 'XDEBUG_TRIGGER' not found, falling back to 'XDEBUG_SESSION'
[12620] [Config] INFO: Trigger value for 'XDEBUG_SESSION' not found, so not activating
[12620] [Config] INFO: Trigger value for 'XDEBUG_TRIGGER' not found, falling back to 'XDEBUG_TRACE'
[12620] [Config] INFO: Trigger value for 'XDEBUG_TRACE' not found, so not activating
[12620] [Config] INFO: Trigger value for 'XDEBUG_TRIGGER' not found, falling back to 'XDEBUG_SESSION'
[12620] [Config] INFO: Trigger value for 'XDEBUG_SESSION' not found, so not activating
[12620] [Config] INFO: Trigger value for 'XDEBUG_TRIGGER' not found, falling back to 'XDEBUG_TRACE'
[12620] [Config] INFO: Trigger value for 'XDEBUG_TRACE' not found, so not activating
[12620] Log closed at 2024-06-10 06:07:30.524343

[12620] Log opened at 2024-06-10 06:07:30.743841
[12620] [Config] INFO: Trigger value for 'XDEBUG_TRIGGER' not found, falling back to 'XDEBUG_SESSION'
[12620] [Config] INFO: Trigger value for 'XDEBUG_SESSION' not found, so not activating
[12620] [Config] INFO: Trigger value for 'XDEBUG_TRIGGER' not found, falling back to 'XDEBUG_TRACE'
[12620] [Config] INFO: Trigger value for 'XDEBUG_TRACE' not found, so not activating
[12620] [Config] INFO: Trigger value for 'XDEBUG_TRIGGER' not found, falling back to 'XDEBUG_SESSION'
[12620] [Config] INFO: Trigger value for 'XDEBUG_SESSION' not found, so not activating
[12620] [Config] INFO: Trigger value for 'XDEBUG_TRIGGER' not found, falling back to 'XDEBUG_TRACE'
[12620] [Config] INFO: Trigger value for 'XDEBUG_TRACE' not found, so not activating
[12620] [Config] INFO: Trigger value for 'XDEBUG_TRIGGER' not found, falling back to 'XDEBUG_SESSION'
[12620] [Config] INFO: Trigger value for 'XDEBUG_SESSION' not found, so not activating
[12620] [Config] INFO: Trigger value for 'XDEBUG_TRIGGER' not found, falling back to 'XDEBUG_TRACE'
[12620] [Config] INFO: Trigger value for 'XDEBUG_TRACE' not found, so not activating
[12620] [Config] INFO: Trigger value for 'XDEBUG_TRIGGER' not found, falling back to 'XDEBUG_SESSION'
[12620] [Config] INFO: Trigger value for 'XDEBUG_SESSION' not found, so not activating
[12620] [Config] INFO: Trigger value for 'XDEBUG_TRIGGER' not found, falling back to 'XDEBUG_TRACE'
[12620] [Config] INFO: Trigger value for 'XDEBUG_TRACE' not found, so not activating
[12620] [Config] INFO: Trigger value for 'XDEBUG_TRIGGER' not found, falling back to 'XDEBUG_SESSION'
[12620] [Config] INFO: Trigger value for 'XDEBUG_SESSION' not found, so not activating
[12620] [Config] INFO: Trigger value for 'XDEBUG_TRIGGER' not found, falling back to 'XDEBUG_TRACE'
[12620] [Config] INFO: Trigger value for 'XDEBUG_TRACE' not found, so not activating
[12620] Log closed at 2024-06-10 06:07:31.328560

[12496] Log opened at 2024-06-10 06:12:48.381477
[12496] [Config] INFO: Trigger value for 'XDEBUG_TRIGGER' not found, falling back to 'XDEBUG_SESSION'
[12496] [Config] INFO: Trigger value for 'XDEBUG_SESSION' not found, so not activating
[12496] [Config] INFO: Trigger value for 'XDEBUG_TRIGGER' not found, falling back to 'XDEBUG_TRACE'
[12496] [Config] INFO: Trigger value for 'XDEBUG_TRACE' not found, so not activating
[12496] Log closed at 2024-06-10 06:12:52.972955

